-----------------------------------------------------------------
	        金钥匙下载工具  1.2.3
-----------------------------------------------------------------
功能：批量下载“慧灯之光”系列课程、电子书及有声书，资料来源于网络收集。
 ... 目前是最新版本！（64位编译） 

 有新动态，请按I键读取。

下载文件位置 /Users/jzhang/Downloads/hd_download_macOS

所在磁盘总空间: 926G, 剩余空间: 405G, 使用率: 56%

     —————————————
       * * * [ 主菜单 ] * * *

          00 下载《使用指南》
          1  全 部 文 件 
          2  电子书有声书
          3  慧灯问道
          4  视频课程
          5  音频课程
          6  密法课程(*确认您已得受过正式的灌顶,方可下载观看！)

          U  最近文件更新
          T  检查已经下载文件,如有损坏则重新下载
          P  播放器下载
          I  ※ 最近动态
          W  佛慧法语网站 — 热心人士自己做的资源分享网站，内含较为全面的“慧灯之光”系列课程、图书等资料，可在线学习和下载
          M  慧物商城 — 热心人士自己做的购物平台 
          0  退   出

>请输入分类编号(1-6)或功能字母,按[Enter]键确定 > 请从（1-6）选择正确的选项 ：
     —————————————
       * * * [ 主菜单 ] * * *

          00 下载《使用指南》
          1  全 部 文 件 
          2  电子书有声书
          3  慧灯问道
          4  视频课程
          5  音频课程
          6  密法课程(*确认您已得受过正式的灌顶,方可下载观看！)

          U  最近文件更新
          T  检查已经下载文件,如有损坏则重新下载
          P  播放器下载
          I  ※ 最近动态
          W  佛慧法语网站 — 热心人士自己做的资源分享网站，内含较为全面的“慧灯之光”系列课程、图书等资料，可在线学习和下载
          M  慧物商城 — 热心人士自己做的购物平台 
          0  退   出

>请输入分类编号(1-6)或功能字母,按[Enter]键确定 > 
————————————————————————————————
4:[ 课程视频 ] ( 815 个文件,333.69 GB) 
————————————————————————————————
  401:[ 慧灯禅修课 ] ( 61 个文件, 24.87 GB) 
       40101:慧灯禅修课第一册 (7)  40102:慧灯禅修课第二册 (8)  40103:慧灯禅修课第三册 (26)  
       40104:慧灯禅修课第四册 (20)  
  402:[ 人生智慧 ] ( 85 个文件, 35.24 GB) 
       40201:佛教与企业 (14)  40202:智慧系列 (25)  40203:幸福专题 (18)  
       40204:提升心灵 (13)  40205:人天佛教 (4)  40206:人生智慧系列其他 (11)  
  403:[ 佛法见修 ] ( 183 个文件, 75.48 GB) 
       40301:修行次第 (12)  40302:生与死 (7)  40303:金刚萨埵的修法 (8)  
       40304:基础知识 (21)  40306:曼扎的修法 (4)  40307:藏传佛教系列 (10)  
       40308:六度 (20)  40309:上师瑜伽 (8)  40310:入坐与出坐 (1)  
       40311:如何对治烦恼 (5)  40313:出离心 (8)  40314:四圣谛 (11)  
       40316:菩提心 (11)  40318:密乘 (1)  40319:禅定 (11)  
       40320:佛法与生活 (8)  40321:佛法见修系列其他 (5)  40322:空性 (25)  
       40323:皈依的修法 (7)  
  404:[ 经典解读 ] ( 127 个文件, 54.59 GB) 
       40401:胜道宝鬘论 (38)  40402:定日百颂 (16)  40403:缘起赞 (8)  
       40410:离四贪 (1)  40411:佛说稻秆经 (15)  40412:《六祖坛经》释义 (11)  
       40413:达摩血脉论 (10)  40414:达摩悟性论 (10)  40415:三十五佛忏悔文 (1)  
       40416:四法宝鬘论 (2)  40417:三主要道论 (3)  40418:达摩破相论 (8)  
       40419:达摩四行观 (4)  
  405:[ 三乘戒律 ] ( 5 个文件, 1.90 GB) 
       40501:别解脱戒 (4)  40502:菩萨戒 (1)  
  406:[ 环球系列 ] ( 263 个文件, 112.58 GB) 
       40601:中国台湾 (46)  40602:加拿大 (26)  40603:中国香港 (31)  
       40604:澳大利亚 (18)  40605:新加坡 (31)  40606:美国 (61)  
       40607:马来西亚 (36)  40608:新西兰 (10)  40609:日本 (4)  
  407:[ 其他系列 ] ( 7 个文件, 461.88 MB) 
       40701:其他 (7)  
  408:[ 佛教心理学 ] ( 84 个文件, 28.59 GB) 
       40801:禅修 (3)  40802:智慧人生 (4)  40803:经论解读 (6)  
       40805:缘起性空的要义 (23)  40806:四圣谛详解 (23)  40807:《入菩萨行论》简要版 (16)  
       40808:佛教心理学 (9)  

> [ 主菜单 ] > [ 课程视频 ] > [ 333.69 GB ] > 
输入0返回上一级、输入A或4 下载本分类所有文件、输入3位编码下载对应子分类全部文件、输入5位编码进入对应专辑,按[Enter]键确定 > 
> [ 40201 ] > [ 佛教与企业 ] >

————————————————————————————————
 序号|  文件大小 |            文  件  名   
————————————————————————————————
   1 |  502.30MB | 01 佛教哲学对现代商业社会的价值和意义.mp4
   2 |  484.41MB | 02 菩萨六度与企业经营.mp4
   3 |  549.18MB | 03 佛学思想与企业文化的互融与实践(201203).mp4
   4 |  516.50MB | 04 佛学思想与企业文化的互融与实践（上）(201204).mp4
   5 |  520.27MB | 05 佛学思想与企业文化的互融与实践（下）(201204).mp4
   6 |  541.00MB | 06 因果学说与文明社会.mp4
   7 |  539.04MB | 07 因果与现代商业社会.mp4
   8 |  293.15MB | 08 在欲望和焦虑的世界里如何安顿心灵1.mp4
   9 |  278.03MB | 09 在欲望和焦虑的世界里如何安顿心灵2.mp4
  10 |  383.89MB | 10 在欲望和焦虑的世界里如何安顿心灵3.mp4
  11 |  497.91MB | 11 如何把佛学智慧融入到企业管理.mp4
  12 |  529.84MB | 12 创意工作者如何面对挑战.mp4
  13 |  544.83MB | 13 企业管理与生活压力如何平衡.mp4
  14 |  329.34MB | 14 高维智慧与AI技术火花的碰撞及在企业的实践应用（上）.mp4
————————————————————————————————

> [ 课程视频 ] > [ 佛教与企业 ] > 
输入0返回上一级、输入A或40201 下载本分类所有文件、输入课程序号单独下载对应课程,按[Enter]键确定 > 
————————————————————————————————
4:[ 课程视频 ] ( 815 个文件,333.69 GB) 
————————————————————————————————
  401:[ 慧灯禅修课 ] ( 61 个文件, 24.87 GB) 
       40101:慧灯禅修课第一册 (7)  40102:慧灯禅修课第二册 (8)  40103:慧灯禅修课第三册 (26)  
       40104:慧灯禅修课第四册 (20)  
  402:[ 人生智慧 ] ( 85 个文件, 35.24 GB) 
       40201:佛教与企业 (14)  40202:智慧系列 (25)  40203:幸福专题 (18)  
       40204:提升心灵 (13)  40205:人天佛教 (4)  40206:人生智慧系列其他 (11)  
  403:[ 佛法见修 ] ( 183 个文件, 75.48 GB) 
       40301:修行次第 (12)  40302:生与死 (7)  40303:金刚萨埵的修法 (8)  
       40304:基础知识 (21)  40306:曼扎的修法 (4)  40307:藏传佛教系列 (10)  
       40308:六度 (20)  40309:上师瑜伽 (8)  40310:入坐与出坐 (1)  
       40311:如何对治烦恼 (5)  40313:出离心 (8)  40314:四圣谛 (11)  
       40316:菩提心 (11)  40318:密乘 (1)  40319:禅定 (11)  
       40320:佛法与生活 (8)  40321:佛法见修系列其他 (5)  40322:空性 (25)  
       40323:皈依的修法 (7)  
  404:[ 经典解读 ] ( 127 个文件, 54.59 GB) 
       40401:胜道宝鬘论 (38)  40402:定日百颂 (16)  40403:缘起赞 (8)  
       40410:离四贪 (1)  40411:佛说稻秆经 (15)  40412:《六祖坛经》释义 (11)  
       40413:达摩血脉论 (10)  40414:达摩悟性论 (10)  40415:三十五佛忏悔文 (1)  
       40416:四法宝鬘论 (2)  40417:三主要道论 (3)  40418:达摩破相论 (8)  
       40419:达摩四行观 (4)  
  405:[ 三乘戒律 ] ( 5 个文件, 1.90 GB) 
       40501:别解脱戒 (4)  40502:菩萨戒 (1)  
  406:[ 环球系列 ] ( 263 个文件, 112.58 GB) 
       40601:中国台湾 (46)  40602:加拿大 (26)  40603:中国香港 (31)  
       40604:澳大利亚 (18)  40605:新加坡 (31)  40606:美国 (61)  
       40607:马来西亚 (36)  40608:新西兰 (10)  40609:日本 (4)  
  407:[ 其他系列 ] ( 7 个文件, 461.88 MB) 
       40701:其他 (7)  
  408:[ 佛教心理学 ] ( 84 个文件, 28.59 GB) 
       40801:禅修 (3)  40802:智慧人生 (4)  40803:经论解读 (6)  
       40805:缘起性空的要义 (23)  40806:四圣谛详解 (23)  40807:《入菩萨行论》简要版 (16)  
       40808:佛教心理学 (9)  

> [ 主菜单 ] > [ 课程视频 ] > [ 333.69 GB ] > 
输入0返回上一级、输入A或4 下载本分类所有文件、输入3位编码下载对应子分类全部文件、输入5位编码进入对应专辑,按[Enter]键确定 > 
> [ 40202 ] > [ 智慧系列 ] >

————————————————————————————————
 序号|  文件大小 |            文  件  名   
————————————————————————————————
   1 |  380.58MB | 01 上师讲解并带领禅修.mp4
   2 |  427.32MB | 02 禅修与生活质量.mp4
   3 |  661.74MB | 03 禅定与生活品质.mp4
   4 |  478.14MB | 04 佛教智慧与心灵瑜伽修练.mp4
   5 |  339.03MB | 05 佛学与人生1.mp4
   6 |  204.13MB | 06 佛学与人生2.mp4
   7 |  256.98MB | 07 佛学与人生3.mp4
   8 |  442.37MB | 08 佛学与人生4.mp4
   9 |  572.97MB | 09 生活禅.mp4
  10 |  362.88MB | 10 佛教智慧与现代生活.mp4
  11 |  293.51MB | 11 般若波罗蜜多 智慧到达彼岸 智慧（上）.mp4
  12 |  188.66MB | 12 般若波罗蜜多 智慧到达彼岸 智慧（下）.mp4
  13 |  277.65MB | 13 般若波罗蜜多 智慧到达彼岸 到达彼岸（上）.mp4
  14 |  255.14MB | 14 般若波罗蜜多 智慧到达彼岸 到达彼岸（下）.mp4
  15 |  314.23MB | 15 到达彼岸的两大支柱-禅与悟 禅（上）.mp4
  16 |  248.49MB | 16 到达彼岸的两大支柱-禅与悟 禅（下）.mp4
  17 |  234.26MB | 17 到达彼岸的两大支柱-禅与悟 悟（上）.mp4
  18 |  187.14MB | 18 到达彼岸的两大支柱-禅与悟 悟（下）.mp4
  19 |  404.81MB | 19 缓解心里的焦虑.mp4
  20 |  484.74MB | 20 思辨的人生系列1 佛教里的生死轮回.mp4
  21 |  461.15MB | 21 思辨的人生系列2 向内看和向外看.mp4
  22 |  440.95MB | 22 《大宝积经》优波离会第二十四偈.mp4
  23 |  438.66MB | 23 禅与心身健康.mp4
  24 |  544.92MB | 24 如何用禅修来解压.mp4
  25 |  566.50MB | 25 心变了，一切都会变.mp4
————————————————————————————————

> [ 课程视频 ] > [ 智慧系列 ] > 
输入0返回上一级、输入A或40202 下载本分类所有文件、输入课程序号单独下载对应课程,按[Enter]键确定 > 
————————————————————————————————
4:[ 课程视频 ] ( 815 个文件,333.69 GB) 
————————————————————————————————
  401:[ 慧灯禅修课 ] ( 61 个文件, 24.87 GB) 
       40101:慧灯禅修课第一册 (7)  40102:慧灯禅修课第二册 (8)  40103:慧灯禅修课第三册 (26)  
       40104:慧灯禅修课第四册 (20)  
  402:[ 人生智慧 ] ( 85 个文件, 35.24 GB) 
       40201:佛教与企业 (14)  40202:智慧系列 (25)  40203:幸福专题 (18)  
       40204:提升心灵 (13)  40205:人天佛教 (4)  40206:人生智慧系列其他 (11)  
  403:[ 佛法见修 ] ( 183 个文件, 75.48 GB) 
       40301:修行次第 (12)  40302:生与死 (7)  40303:金刚萨埵的修法 (8)  
       40304:基础知识 (21)  40306:曼扎的修法 (4)  40307:藏传佛教系列 (10)  
       40308:六度 (20)  40309:上师瑜伽 (8)  40310:入坐与出坐 (1)  
       40311:如何对治烦恼 (5)  40313:出离心 (8)  40314:四圣谛 (11)  
       40316:菩提心 (11)  40318:密乘 (1)  40319:禅定 (11)  
       40320:佛法与生活 (8)  40321:佛法见修系列其他 (5)  40322:空性 (25)  
       40323:皈依的修法 (7)  
  404:[ 经典解读 ] ( 127 个文件, 54.59 GB) 
       40401:胜道宝鬘论 (38)  40402:定日百颂 (16)  40403:缘起赞 (8)  
       40410:离四贪 (1)  40411:佛说稻秆经 (15)  40412:《六祖坛经》释义 (11)  
       40413:达摩血脉论 (10)  40414:达摩悟性论 (10)  40415:三十五佛忏悔文 (1)  
       40416:四法宝鬘论 (2)  40417:三主要道论 (3)  40418:达摩破相论 (8)  
       40419:达摩四行观 (4)  
  405:[ 三乘戒律 ] ( 5 个文件, 1.90 GB) 
       40501:别解脱戒 (4)  40502:菩萨戒 (1)  
  406:[ 环球系列 ] ( 263 个文件, 112.58 GB) 
       40601:中国台湾 (46)  40602:加拿大 (26)  40603:中国香港 (31)  
       40604:澳大利亚 (18)  40605:新加坡 (31)  40606:美国 (61)  
       40607:马来西亚 (36)  40608:新西兰 (10)  40609:日本 (4)  
  407:[ 其他系列 ] ( 7 个文件, 461.88 MB) 
       40701:其他 (7)  
  408:[ 佛教心理学 ] ( 84 个文件, 28.59 GB) 
       40801:禅修 (3)  40802:智慧人生 (4)  40803:经论解读 (6)  
       40805:缘起性空的要义 (23)  40806:四圣谛详解 (23)  40807:《入菩萨行论》简要版 (16)  
       40808:佛教心理学 (9)  

> [ 主菜单 ] > [ 课程视频 ] > [ 333.69 GB ] > 
输入0返回上一级、输入A或4 下载本分类所有文件、输入3位编码下载对应子分类全部文件、输入5位编码进入对应专辑,按[Enter]键确定 > 
> [ 40203 ] > [ 幸福专题 ] >

————————————————————————————————
 序号|  文件大小 |            文  件  名   
————————————————————————————————
   1 |  579.04MB | 01 佛教对人生痛苦的认识及解决方法.mp4
   2 |  234.66MB | 02 幸福的密码（上）.mp4
   3 |  332.99MB | 03 幸福的密码（下）.mp4
   4 |  401.64MB | 04 为什么我们越来越不幸福.mp4
   5 |  462.17MB | 05 如何从痛苦中寻找解脱.mp4
   6 |  454.35MB | 06 信仰与人生.mp4
   7 |  460.34MB | 07 用《金刚经》的智慧破译幸福密码.mp4
   8 |  343.87MB | 08 如何在繁忙的工作中保持身心健康.mp4
   9 |  395.78MB | 09 佛教与人生.mp4
  10 |  320.14MB | 10 在工作和生活的压力中如何获得幸福感.mp4
  11 |  336.62MB | 11 如何战胜负面情绪.mp4
  12 |  428.95MB | 12 佛教对生活的意义是什么.mp4
  13 |  512.32MB | 13 佛教对生命的意义是什么.mp4
  14 |  494.28MB | 14 疲惫生活里的温柔力量.mp4
  15 |  491.85MB | 15 带着智慧行走.mp4
  16 |  326.49MB | 16 亲子禅.mp4
  17 |  501.11MB | 17 动中禅.mp4
  18 |  535.76MB | 18 佛法与生活.mp4
————————————————————————————————

> [ 课程视频 ] > [ 幸福专题 ] > 
输入0返回上一级、输入A或40203 下载本分类所有文件、输入课程序号单独下载对应课程,按[Enter]键确定 > 
————————————————————————————————
4:[ 课程视频 ] ( 815 个文件,333.69 GB) 
————————————————————————————————
  401:[ 慧灯禅修课 ] ( 61 个文件, 24.87 GB) 
       40101:慧灯禅修课第一册 (7)  40102:慧灯禅修课第二册 (8)  40103:慧灯禅修课第三册 (26)  
       40104:慧灯禅修课第四册 (20)  
  402:[ 人生智慧 ] ( 85 个文件, 35.24 GB) 
       40201:佛教与企业 (14)  40202:智慧系列 (25)  40203:幸福专题 (18)  
       40204:提升心灵 (13)  40205:人天佛教 (4)  40206:人生智慧系列其他 (11)  
  403:[ 佛法见修 ] ( 183 个文件, 75.48 GB) 
       40301:修行次第 (12)  40302:生与死 (7)  40303:金刚萨埵的修法 (8)  
       40304:基础知识 (21)  40306:曼扎的修法 (4)  40307:藏传佛教系列 (10)  
       40308:六度 (20)  40309:上师瑜伽 (8)  40310:入坐与出坐 (1)  
       40311:如何对治烦恼 (5)  40313:出离心 (8)  40314:四圣谛 (11)  
       40316:菩提心 (11)  40318:密乘 (1)  40319:禅定 (11)  
       40320:佛法与生活 (8)  40321:佛法见修系列其他 (5)  40322:空性 (25)  
       40323:皈依的修法 (7)  
  404:[ 经典解读 ] ( 127 个文件, 54.59 GB) 
       40401:胜道宝鬘论 (38)  40402:定日百颂 (16)  40403:缘起赞 (8)  
       40410:离四贪 (1)  40411:佛说稻秆经 (15)  40412:《六祖坛经》释义 (11)  
       40413:达摩血脉论 (10)  40414:达摩悟性论 (10)  40415:三十五佛忏悔文 (1)  
       40416:四法宝鬘论 (2)  40417:三主要道论 (3)  40418:达摩破相论 (8)  
       40419:达摩四行观 (4)  
  405:[ 三乘戒律 ] ( 5 个文件, 1.90 GB) 
       40501:别解脱戒 (4)  40502:菩萨戒 (1)  
  406:[ 环球系列 ] ( 263 个文件, 112.58 GB) 
       40601:中国台湾 (46)  40602:加拿大 (26)  40603:中国香港 (31)  
       40604:澳大利亚 (18)  40605:新加坡 (31)  40606:美国 (61)  
       40607:马来西亚 (36)  40608:新西兰 (10)  40609:日本 (4)  
  407:[ 其他系列 ] ( 7 个文件, 461.88 MB) 
       40701:其他 (7)  
  408:[ 佛教心理学 ] ( 84 个文件, 28.59 GB) 
       40801:禅修 (3)  40802:智慧人生 (4)  40803:经论解读 (6)  
       40805:缘起性空的要义 (23)  40806:四圣谛详解 (23)  40807:《入菩萨行论》简要版 (16)  
       40808:佛教心理学 (9)  

> [ 主菜单 ] > [ 课程视频 ] > [ 333.69 GB ] > 
输入0返回上一级、输入A或4 下载本分类所有文件、输入3位编码下载对应子分类全部文件、输入5位编码进入对应专辑,按[Enter]键确定 > 
> [ 40204 ] > [ 提升心灵 ] >

————————————————————————————————
 序号|  文件大小 |            文  件  名   
————————————————————————————————
   1 |  487.63MB | 01 认识自我 提升心灵.mp4
   2 |  420.27MB | 02 如何提升心灵.mp4
   3 |  325.20MB | 03 心灵讲座系列 人之本性.mp4
   4 |  347.11MB | 04 心灵的奢侈品系列课程1 如何救赎在金钱中翻滚的心.mp4
   5 |  476.56MB | 05 心灵的奢侈品系列课程2 你想知道这个世界是谁创造的吗.mp4
   6 |  544.03MB | 06 心灵的奢侈品系列课程3 禅与都市生活.mp4
   7 |  468.59MB | 07 心灵的奢侈品系列课程4 缓解心里的焦虑.mp4
   8 |  473.69MB | 08 职场心灵课 疲惫的心灵如何安放1.mp4
   9 |  475.63MB | 09 职场心灵课 疲惫的心灵如何安放2.mp4
  10 |  538.76MB | 10 意识的艺术作品.mp4
  11 |  350.21MB | 11 在内卷的时代怎么安定我们的心灵.mp4
  12 |  500.95MB | 12 心灵安顿法.mp4
  13 |  366.66MB | 13 你想知道这个世界是谁创造的吗？.mp4
————————————————————————————————

> [ 课程视频 ] > [ 提升心灵 ] > 
输入0返回上一级、输入A或40204 下载本分类所有文件、输入课程序号单独下载对应课程,按[Enter]键确定 > 
————————————————————————————————
4:[ 课程视频 ] ( 815 个文件,333.69 GB) 
————————————————————————————————
  401:[ 慧灯禅修课 ] ( 61 个文件, 24.87 GB) 
       40101:慧灯禅修课第一册 (7)  40102:慧灯禅修课第二册 (8)  40103:慧灯禅修课第三册 (26)  
       40104:慧灯禅修课第四册 (20)  
  402:[ 人生智慧 ] ( 85 个文件, 35.24 GB) 
       40201:佛教与企业 (14)  40202:智慧系列 (25)  40203:幸福专题 (18)  
       40204:提升心灵 (13)  40205:人天佛教 (4)  40206:人生智慧系列其他 (11)  
  403:[ 佛法见修 ] ( 183 个文件, 75.48 GB) 
       40301:修行次第 (12)  40302:生与死 (7)  40303:金刚萨埵的修法 (8)  
       40304:基础知识 (21)  40306:曼扎的修法 (4)  40307:藏传佛教系列 (10)  
       40308:六度 (20)  40309:上师瑜伽 (8)  40310:入坐与出坐 (1)  
       40311:如何对治烦恼 (5)  40313:出离心 (8)  40314:四圣谛 (11)  
       40316:菩提心 (11)  40318:密乘 (1)  40319:禅定 (11)  
       40320:佛法与生活 (8)  40321:佛法见修系列其他 (5)  40322:空性 (25)  
       40323:皈依的修法 (7)  
  404:[ 经典解读 ] ( 127 个文件, 54.59 GB) 
       40401:胜道宝鬘论 (38)  40402:定日百颂 (16)  40403:缘起赞 (8)  
       40410:离四贪 (1)  40411:佛说稻秆经 (15)  40412:《六祖坛经》释义 (11)  
       40413:达摩血脉论 (10)  40414:达摩悟性论 (10)  40415:三十五佛忏悔文 (1)  
       40416:四法宝鬘论 (2)  40417:三主要道论 (3)  40418:达摩破相论 (8)  
       40419:达摩四行观 (4)  
  405:[ 三乘戒律 ] ( 5 个文件, 1.90 GB) 
       40501:别解脱戒 (4)  40502:菩萨戒 (1)  
  406:[ 环球系列 ] ( 263 个文件, 112.58 GB) 
       40601:中国台湾 (46)  40602:加拿大 (26)  40603:中国香港 (31)  
       40604:澳大利亚 (18)  40605:新加坡 (31)  40606:美国 (61)  
       40607:马来西亚 (36)  40608:新西兰 (10)  40609:日本 (4)  
  407:[ 其他系列 ] ( 7 个文件, 461.88 MB) 
       40701:其他 (7)  
  408:[ 佛教心理学 ] ( 84 个文件, 28.59 GB) 
       40801:禅修 (3)  40802:智慧人生 (4)  40803:经论解读 (6)  
       40805:缘起性空的要义 (23)  40806:四圣谛详解 (23)  40807:《入菩萨行论》简要版 (16)  
       40808:佛教心理学 (9)  

> [ 主菜单 ] > [ 课程视频 ] > [ 333.69 GB ] > 
输入0返回上一级、输入A或4 下载本分类所有文件、输入3位编码下载对应子分类全部文件、输入5位编码进入对应专辑,按[Enter]键确定 > 
> [ 40205 ] > [ 人天佛教 ] >

————————————————————————————————
 序号|  文件大小 |            文  件  名   
————————————————————————————————
   1 |  393.69MB | 01 人天乘.mp4
   2 |  396.52MB | 02 人天佛教（上）.mp4
   3 |  456.73MB | 03 人天佛教（中）.mp4
   4 |  516.16MB | 04 人天佛教（下）.mp4
————————————————————————————————

> [ 课程视频 ] > [ 人天佛教 ] > 
输入0返回上一级、输入A或40205 下载本分类所有文件、输入课程序号单独下载对应课程,按[Enter]键确定 > 
————————————————————————————————
4:[ 课程视频 ] ( 815 个文件,333.69 GB) 
————————————————————————————————
  401:[ 慧灯禅修课 ] ( 61 个文件, 24.87 GB) 
       40101:慧灯禅修课第一册 (7)  40102:慧灯禅修课第二册 (8)  40103:慧灯禅修课第三册 (26)  
       40104:慧灯禅修课第四册 (20)  
  402:[ 人生智慧 ] ( 85 个文件, 35.24 GB) 
       40201:佛教与企业 (14)  40202:智慧系列 (25)  40203:幸福专题 (18)  
       40204:提升心灵 (13)  40205:人天佛教 (4)  40206:人生智慧系列其他 (11)  
  403:[ 佛法见修 ] ( 183 个文件, 75.48 GB) 
       40301:修行次第 (12)  40302:生与死 (7)  40303:金刚萨埵的修法 (8)  
       40304:基础知识 (21)  40306:曼扎的修法 (4)  40307:藏传佛教系列 (10)  
       40308:六度 (20)  40309:上师瑜伽 (8)  40310:入坐与出坐 (1)  
       40311:如何对治烦恼 (5)  40313:出离心 (8)  40314:四圣谛 (11)  
       40316:菩提心 (11)  40318:密乘 (1)  40319:禅定 (11)  
       40320:佛法与生活 (8)  40321:佛法见修系列其他 (5)  40322:空性 (25)  
       40323:皈依的修法 (7)  
  404:[ 经典解读 ] ( 127 个文件, 54.59 GB) 
       40401:胜道宝鬘论 (38)  40402:定日百颂 (16)  40403:缘起赞 (8)  
       40410:离四贪 (1)  40411:佛说稻秆经 (15)  40412:《六祖坛经》释义 (11)  
       40413:达摩血脉论 (10)  40414:达摩悟性论 (10)  40415:三十五佛忏悔文 (1)  
       40416:四法宝鬘论 (2)  40417:三主要道论 (3)  40418:达摩破相论 (8)  
       40419:达摩四行观 (4)  
  405:[ 三乘戒律 ] ( 5 个文件, 1.90 GB) 
       40501:别解脱戒 (4)  40502:菩萨戒 (1)  
  406:[ 环球系列 ] ( 263 个文件, 112.58 GB) 
       40601:中国台湾 (46)  40602:加拿大 (26)  40603:中国香港 (31)  
       40604:澳大利亚 (18)  40605:新加坡 (31)  40606:美国 (61)  
       40607:马来西亚 (36)  40608:新西兰 (10)  40609:日本 (4)  
  407:[ 其他系列 ] ( 7 个文件, 461.88 MB) 
       40701:其他 (7)  
  408:[ 佛教心理学 ] ( 84 个文件, 28.59 GB) 
       40801:禅修 (3)  40802:智慧人生 (4)  40803:经论解读 (6)  
       40805:缘起性空的要义 (23)  40806:四圣谛详解 (23)  40807:《入菩萨行论》简要版 (16)  
       40808:佛教心理学 (9)  

> [ 主菜单 ] > [ 课程视频 ] > [ 333.69 GB ] > 
输入0返回上一级、输入A或4 下载本分类所有文件、输入3位编码下载对应子分类全部文件、输入5位编码进入对应专辑,按[Enter]键确定 > 
> [ 40206 ] > [ 人生智慧系列其他 ] >

————————————————————————————————
 序号|  文件大小 |            文  件  名   
————————————————————————————————
   1 |  315.00MB | 01 佛教的世界观(2010).mp4
   2 |  382.07MB | 02 生命的真相.mp4
   3 |  519.44MB | 03 佛教文化及当代价值.mp4
   4 |  491.35MB | 04 佛教的世界观(2019).mp4
   5 |  573.49MB | 05 《六祖坛经》的人生智慧1.mp4
   6 |  583.65MB | 06 《六祖坛经》的人生智慧2.mp4
   7 |  390.57MB | 07 为什么要学佛.mp4
   8 |  464.47MB | 08 怎么学佛.mp4
   9 |  442.00MB | 09 生与死的艺术 善终的智慧.mp4
  10 |  319.51MB | 10 生命觉醒系列对话 生与死的艺术.mp4
  11 |  472.46MB | 11 佛学安宁疗护法.mp4
————————————————————————————————

> [ 课程视频 ] > [ 人生智慧系列其他 ] > 
输入0返回上一级、输入A或40206 下载本分类所有文件、输入课程序号单独下载对应课程,按[Enter]键确定 > 
————————————————————————————————
4:[ 课程视频 ] ( 815 个文件,333.69 GB) 
————————————————————————————————
  401:[ 慧灯禅修课 ] ( 61 个文件, 24.87 GB) 
       40101:慧灯禅修课第一册 (7)  40102:慧灯禅修课第二册 (8)  40103:慧灯禅修课第三册 (26)  
       40104:慧灯禅修课第四册 (20)  
  402:[ 人生智慧 ] ( 85 个文件, 35.24 GB) 
       40201:佛教与企业 (14)  40202:智慧系列 (25)  40203:幸福专题 (18)  
       40204:提升心灵 (13)  40205:人天佛教 (4)  40206:人生智慧系列其他 (11)  
  403:[ 佛法见修 ] ( 183 个文件, 75.48 GB) 
       40301:修行次第 (12)  40302:生与死 (7)  40303:金刚萨埵的修法 (8)  
       40304:基础知识 (21)  40306:曼扎的修法 (4)  40307:藏传佛教系列 (10)  
       40308:六度 (20)  40309:上师瑜伽 (8)  40310:入坐与出坐 (1)  
       40311:如何对治烦恼 (5)  40313:出离心 (8)  40314:四圣谛 (11)  
       40316:菩提心 (11)  40318:密乘 (1)  40319:禅定 (11)  
       40320:佛法与生活 (8)  40321:佛法见修系列其他 (5)  40322:空性 (25)  
       40323:皈依的修法 (7)  
  404:[ 经典解读 ] ( 127 个文件, 54.59 GB) 
       40401:胜道宝鬘论 (38)  40402:定日百颂 (16)  40403:缘起赞 (8)  
       40410:离四贪 (1)  40411:佛说稻秆经 (15)  40412:《六祖坛经》释义 (11)  
       40413:达摩血脉论 (10)  40414:达摩悟性论 (10)  40415:三十五佛忏悔文 (1)  
       40416:四法宝鬘论 (2)  40417:三主要道论 (3)  40418:达摩破相论 (8)  
       40419:达摩四行观 (4)  
  405:[ 三乘戒律 ] ( 5 个文件, 1.90 GB) 
       40501:别解脱戒 (4)  40502:菩萨戒 (1)  
  406:[ 环球系列 ] ( 263 个文件, 112.58 GB) 
       40601:中国台湾 (46)  40602:加拿大 (26)  40603:中国香港 (31)  
       40604:澳大利亚 (18)  40605:新加坡 (31)  40606:美国 (61)  
       40607:马来西亚 (36)  40608:新西兰 (10)  40609:日本 (4)  
  407:[ 其他系列 ] ( 7 个文件, 461.88 MB) 
       40701:其他 (7)  
  408:[ 佛教心理学 ] ( 84 个文件, 28.59 GB) 
       40801:禅修 (3)  40802:智慧人生 (4)  40803:经论解读 (6)  
       40805:缘起性空的要义 (23)  40806:四圣谛详解 (23)  40807:《入菩萨行论》简要版 (16)  
       40808:佛教心理学 (9)  

> [ 主菜单 ] > [ 课程视频 ] > [ 333.69 GB ] > 
输入0返回上一级、输入A或4 下载本分类所有文件、输入3位编码下载对应子分类全部文件、输入5位编码进入对应专辑,按[Enter]键确定 > 
     —————————————
       * * * [ 主菜单 ] * * *

          00 下载《使用指南》
          1  全 部 文 件 
          2  电子书有声书
          3  慧灯问道
          4  视频课程
          5  音频课程
          6  密法课程(*确认您已得受过正式的灌顶,方可下载观看！)

          U  最近文件更新
          T  检查已经下载文件,如有损坏则重新下载
          P  播放器下载
          I  ※ 最近动态
          W  佛慧法语网站 — 热心人士自己做的资源分享网站，内含较为全面的“慧灯之光”系列课程、图书等资料，可在线学习和下载
          M  慧物商城 — 热心人士自己做的购物平台 
          0  退   出

>请输入分类编号(1-6)或功能字母,按[Enter]键确定 > 已退出.
