-----------------------------------------------------------------
	        金钥匙下载工具  1.2.3
-----------------------------------------------------------------
功能：批量下载“慧灯之光”系列课程、电子书及有声书，资料来源于网络收集。
 ... 目前是最新版本！（64位编译） 

 有新动态，请按I键读取。

下载文件位置 /Users/jzhang/Downloads/hd_download_macOS

所在磁盘总空间: 926G, 剩余空间: 405G, 使用率: 56%

     —————————————
       * * * [ 主菜单 ] * * *

          00 下载《使用指南》
          1  全 部 文 件 
          2  电子书有声书
          3  慧灯问道
          4  视频课程
          5  音频课程
          6  密法课程(*确认您已得受过正式的灌顶,方可下载观看！)

          U  最近文件更新
          T  检查已经下载文件,如有损坏则重新下载
          P  播放器下载
          I  ※ 最近动态
          W  佛慧法语网站 — 热心人士自己做的资源分享网站，内含较为全面的“慧灯之光”系列课程、图书等资料，可在线学习和下载
          M  慧物商城 — 热心人士自己做的购物平台 
          0  退   出

>请输入分类编号(1-6)或功能字母,按[Enter]键确定 > 请从（1-6）选择正确的选项 ：
     —————————————
       * * * [ 主菜单 ] * * *

          00 下载《使用指南》
          1  全 部 文 件 
          2  电子书有声书
          3  慧灯问道
          4  视频课程
          5  音频课程
          6  密法课程(*确认您已得受过正式的灌顶,方可下载观看！)

          U  最近文件更新
          T  检查已经下载文件,如有损坏则重新下载
          P  播放器下载
          I  ※ 最近动态
          W  佛慧法语网站 — 热心人士自己做的资源分享网站，内含较为全面的“慧灯之光”系列课程、图书等资料，可在线学习和下载
          M  慧物商城 — 热心人士自己做的购物平台 
          0  退   出

>请输入分类编号(1-6)或功能字母,按[Enter]键确定 > 
————————————————————————————————
4:[ 课程视频 ] ( 815 个文件,333.69 GB) 
————————————————————————————————
  401:[ 慧灯禅修课 ] ( 61 个文件, 24.87 GB) 
       40101:慧灯禅修课第一册 (7)  40102:慧灯禅修课第二册 (8)  40103:慧灯禅修课第三册 (26)  
       40104:慧灯禅修课第四册 (20)  
  402:[ 人生智慧 ] ( 85 个文件, 35.24 GB) 
       40201:佛教与企业 (14)  40202:智慧系列 (25)  40203:幸福专题 (18)  
       40204:提升心灵 (13)  40205:人天佛教 (4)  40206:人生智慧系列其他 (11)  
  403:[ 佛法见修 ] ( 183 个文件, 75.48 GB) 
       40301:修行次第 (12)  40302:生与死 (7)  40303:金刚萨埵的修法 (8)  
       40304:基础知识 (21)  40306:曼扎的修法 (4)  40307:藏传佛教系列 (10)  
       40308:六度 (20)  40309:上师瑜伽 (8)  40310:入坐与出坐 (1)  
       40311:如何对治烦恼 (5)  40313:出离心 (8)  40314:四圣谛 (11)  
       40316:菩提心 (11)  40318:密乘 (1)  40319:禅定 (11)  
       40320:佛法与生活 (8)  40321:佛法见修系列其他 (5)  40322:空性 (25)  
       40323:皈依的修法 (7)  
  404:[ 经典解读 ] ( 127 个文件, 54.59 GB) 
       40401:胜道宝鬘论 (38)  40402:定日百颂 (16)  40403:缘起赞 (8)  
       40410:离四贪 (1)  40411:佛说稻秆经 (15)  40412:《六祖坛经》释义 (11)  
       40413:达摩血脉论 (10)  40414:达摩悟性论 (10)  40415:三十五佛忏悔文 (1)  
       40416:四法宝鬘论 (2)  40417:三主要道论 (3)  40418:达摩破相论 (8)  
       40419:达摩四行观 (4)  
  405:[ 三乘戒律 ] ( 5 个文件, 1.90 GB) 
       40501:别解脱戒 (4)  40502:菩萨戒 (1)  
  406:[ 环球系列 ] ( 263 个文件, 112.58 GB) 
       40601:中国台湾 (46)  40602:加拿大 (26)  40603:中国香港 (31)  
       40604:澳大利亚 (18)  40605:新加坡 (31)  40606:美国 (61)  
       40607:马来西亚 (36)  40608:新西兰 (10)  40609:日本 (4)  
  407:[ 其他系列 ] ( 7 个文件, 461.88 MB) 
       40701:其他 (7)  
  408:[ 佛教心理学 ] ( 84 个文件, 28.59 GB) 
       40801:禅修 (3)  40802:智慧人生 (4)  40803:经论解读 (6)  
       40805:缘起性空的要义 (23)  40806:四圣谛详解 (23)  40807:《入菩萨行论》简要版 (16)  
       40808:佛教心理学 (9)  

> [ 主菜单 ] > [ 课程视频 ] > [ 333.69 GB ] > 
输入0返回上一级、输入A或4 下载本分类所有文件、输入3位编码下载对应子分类全部文件、输入5位编码进入对应专辑,按[Enter]键确定 > 
> [ 40401 ] > [ 胜道宝鬘论 ] >

————————————————————————————————
 序号|  文件大小 |            文  件  名   
————————————————————————————————
   1 |  441.90MB | 01 《胜道宝鬘论》1.mp4
   2 |  449.66MB | 02 《胜道宝鬘论》2.mp4
   3 |  403.64MB | 03 《胜道宝鬘论》3.mp4
   4 |  371.39MB | 04 《胜道宝鬘论》4.mp4
   5 |  361.27MB | 05 《胜道宝鬘论》5.mp4
   6 |  398.81MB | 06 《胜道宝鬘论》6.mp4
   7 |  389.31MB | 07 《胜道宝鬘论》7.mp4
   8 |  425.91MB | 08 《胜道宝鬘论》8.mp4
   9 |  427.56MB | 09 《胜道宝鬘论》9.mp4
  10 |  447.14MB | 10 《胜道宝鬘论》10.mp4
  11 |  460.26MB | 11 《胜道宝鬘论》11.mp4
  12 |  478.49MB | 12 《胜道宝鬘论》12.mp4
  13 |  225.46MB | 13 《胜道宝鬘论》13.mp4
  14 |  442.08MB | 14 《胜道宝鬘论》14.mp4
  15 |  436.29MB | 15 《胜道宝鬘论》15.mp4
  16 |  431.64MB | 16 《胜道宝鬘论》16.mp4
  17 |  377.07MB | 17 《胜道宝鬘论》17.mp4
  18 |  364.61MB | 18 《胜道宝鬘论》18.mp4
  19 |  402.51MB | 19 《胜道宝鬘论》19.mp4
  20 |  403.97MB | 20 《胜道宝鬘论》20.mp4
  21 |  434.97MB | 21 《胜道宝鬘论》21.mp4
  22 |  438.67MB | 22 《胜道宝鬘论》22.mp4
  23 |  406.08MB | 23 《胜道宝鬘论》23.mp4
  24 |  436.57MB | 24 《胜道宝鬘论》24.mp4
  25 |  405.65MB | 25 《胜道宝鬘论》25.mp4
  26 |  428.92MB | 26 《胜道宝鬘论》26.mp4
  27 |  465.61MB | 27 《胜道宝鬘论》27.mp4
  28 |  447.13MB | 28 《胜道宝鬘论》28.mp4
  29 |  407.20MB | 29 《胜道宝鬘论》29.mp4
  30 |  374.45MB | 30 《胜道宝鬘论》30.mp4
  31 |  389.56MB | 31 《胜道宝鬘论》31.mp4
  32 |  475.95MB | 32 《胜道宝鬘论》32.mp4
  33 |  471.58MB | 33 《胜道宝鬘论》33.mp4
  34 |  430.87MB | 34 《胜道宝鬘论》34.mp4
  35 |  491.09MB | 35 《胜道宝鬘论》35.mp4
  36 |  459.03MB | 36 《胜道宝鬘论》36.mp4
  37 |  389.90MB | 37 《胜道宝鬘论》37.mp4
  38 |  399.08MB | 38 《胜道宝鬘论》38.mp4
————————————————————————————————

> [ 课程视频 ] > [ 胜道宝鬘论 ] > 
输入0返回上一级、输入A或40401 下载本分类所有文件、输入课程序号单独下载对应课程,按[Enter]键确定 > 
————————————————————————————————
4:[ 课程视频 ] ( 815 个文件,333.69 GB) 
————————————————————————————————
  401:[ 慧灯禅修课 ] ( 61 个文件, 24.87 GB) 
       40101:慧灯禅修课第一册 (7)  40102:慧灯禅修课第二册 (8)  40103:慧灯禅修课第三册 (26)  
       40104:慧灯禅修课第四册 (20)  
  402:[ 人生智慧 ] ( 85 个文件, 35.24 GB) 
       40201:佛教与企业 (14)  40202:智慧系列 (25)  40203:幸福专题 (18)  
       40204:提升心灵 (13)  40205:人天佛教 (4)  40206:人生智慧系列其他 (11)  
  403:[ 佛法见修 ] ( 183 个文件, 75.48 GB) 
       40301:修行次第 (12)  40302:生与死 (7)  40303:金刚萨埵的修法 (8)  
       40304:基础知识 (21)  40306:曼扎的修法 (4)  40307:藏传佛教系列 (10)  
       40308:六度 (20)  40309:上师瑜伽 (8)  40310:入坐与出坐 (1)  
       40311:如何对治烦恼 (5)  40313:出离心 (8)  40314:四圣谛 (11)  
       40316:菩提心 (11)  40318:密乘 (1)  40319:禅定 (11)  
       40320:佛法与生活 (8)  40321:佛法见修系列其他 (5)  40322:空性 (25)  
       40323:皈依的修法 (7)  
  404:[ 经典解读 ] ( 127 个文件, 54.59 GB) 
       40401:胜道宝鬘论 (38)  40402:定日百颂 (16)  40403:缘起赞 (8)  
       40410:离四贪 (1)  40411:佛说稻秆经 (15)  40412:《六祖坛经》释义 (11)  
       40413:达摩血脉论 (10)  40414:达摩悟性论 (10)  40415:三十五佛忏悔文 (1)  
       40416:四法宝鬘论 (2)  40417:三主要道论 (3)  40418:达摩破相论 (8)  
       40419:达摩四行观 (4)  
  405:[ 三乘戒律 ] ( 5 个文件, 1.90 GB) 
       40501:别解脱戒 (4)  40502:菩萨戒 (1)  
  406:[ 环球系列 ] ( 263 个文件, 112.58 GB) 
       40601:中国台湾 (46)  40602:加拿大 (26)  40603:中国香港 (31)  
       40604:澳大利亚 (18)  40605:新加坡 (31)  40606:美国 (61)  
       40607:马来西亚 (36)  40608:新西兰 (10)  40609:日本 (4)  
  407:[ 其他系列 ] ( 7 个文件, 461.88 MB) 
       40701:其他 (7)  
  408:[ 佛教心理学 ] ( 84 个文件, 28.59 GB) 
       40801:禅修 (3)  40802:智慧人生 (4)  40803:经论解读 (6)  
       40805:缘起性空的要义 (23)  40806:四圣谛详解 (23)  40807:《入菩萨行论》简要版 (16)  
       40808:佛教心理学 (9)  

> [ 主菜单 ] > [ 课程视频 ] > [ 333.69 GB ] > 
输入0返回上一级、输入A或4 下载本分类所有文件、输入3位编码下载对应子分类全部文件、输入5位编码进入对应专辑,按[Enter]键确定 > 
> [ 40402 ] > [ 定日百颂 ] >

————————————————————————————————
 序号|  文件大小 |            文  件  名   
————————————————————————————————
   1 |  462.78MB | 01 《定日百颂》1.mp4
   2 |  453.17MB | 02 《定日百颂》2.mp4
   3 |  433.36MB | 03 《定日百颂》3.mp4
   4 |  406.34MB | 04 《定日百颂》4.mp4
   5 |  448.61MB | 05 《定日百颂》5.mp4
   6 |  417.93MB | 06 《定日百颂》6.mp4
   7 |  441.06MB | 07 《定日百颂》7.mp4
   8 |  361.79MB | 08 《定日百颂》8.mp4
   9 |  400.02MB | 09 《定日百颂》9.mp4
  10 |  348.67MB | 10 《定日百颂》10.mp4
  11 |  429.67MB | 11 《定日百颂》11.mp4
  12 |  362.50MB | 12 《定日百颂》12.mp4
  13 |  397.43MB | 13 《定日百颂》13.mp4
  14 |  398.71MB | 14 《定日百颂》14.mp4
  15 |  337.03MB | 15 《定日百颂》15.mp4
  16 |  356.49MB | 16 《定日百颂》16.mp4
————————————————————————————————

> [ 课程视频 ] > [ 定日百颂 ] > 
输入0返回上一级、输入A或40402 下载本分类所有文件、输入课程序号单独下载对应课程,按[Enter]键确定 > 
————————————————————————————————
4:[ 课程视频 ] ( 815 个文件,333.69 GB) 
————————————————————————————————
  401:[ 慧灯禅修课 ] ( 61 个文件, 24.87 GB) 
       40101:慧灯禅修课第一册 (7)  40102:慧灯禅修课第二册 (8)  40103:慧灯禅修课第三册 (26)  
       40104:慧灯禅修课第四册 (20)  
  402:[ 人生智慧 ] ( 85 个文件, 35.24 GB) 
       40201:佛教与企业 (14)  40202:智慧系列 (25)  40203:幸福专题 (18)  
       40204:提升心灵 (13)  40205:人天佛教 (4)  40206:人生智慧系列其他 (11)  
  403:[ 佛法见修 ] ( 183 个文件, 75.48 GB) 
       40301:修行次第 (12)  40302:生与死 (7)  40303:金刚萨埵的修法 (8)  
       40304:基础知识 (21)  40306:曼扎的修法 (4)  40307:藏传佛教系列 (10)  
       40308:六度 (20)  40309:上师瑜伽 (8)  40310:入坐与出坐 (1)  
       40311:如何对治烦恼 (5)  40313:出离心 (8)  40314:四圣谛 (11)  
       40316:菩提心 (11)  40318:密乘 (1)  40319:禅定 (11)  
       40320:佛法与生活 (8)  40321:佛法见修系列其他 (5)  40322:空性 (25)  
       40323:皈依的修法 (7)  
  404:[ 经典解读 ] ( 127 个文件, 54.59 GB) 
       40401:胜道宝鬘论 (38)  40402:定日百颂 (16)  40403:缘起赞 (8)  
       40410:离四贪 (1)  40411:佛说稻秆经 (15)  40412:《六祖坛经》释义 (11)  
       40413:达摩血脉论 (10)  40414:达摩悟性论 (10)  40415:三十五佛忏悔文 (1)  
       40416:四法宝鬘论 (2)  40417:三主要道论 (3)  40418:达摩破相论 (8)  
       40419:达摩四行观 (4)  
  405:[ 三乘戒律 ] ( 5 个文件, 1.90 GB) 
       40501:别解脱戒 (4)  40502:菩萨戒 (1)  
  406:[ 环球系列 ] ( 263 个文件, 112.58 GB) 
       40601:中国台湾 (46)  40602:加拿大 (26)  40603:中国香港 (31)  
       40604:澳大利亚 (18)  40605:新加坡 (31)  40606:美国 (61)  
       40607:马来西亚 (36)  40608:新西兰 (10)  40609:日本 (4)  
  407:[ 其他系列 ] ( 7 个文件, 461.88 MB) 
       40701:其他 (7)  
  408:[ 佛教心理学 ] ( 84 个文件, 28.59 GB) 
       40801:禅修 (3)  40802:智慧人生 (4)  40803:经论解读 (6)  
       40805:缘起性空的要义 (23)  40806:四圣谛详解 (23)  40807:《入菩萨行论》简要版 (16)  
       40808:佛教心理学 (9)  

> [ 主菜单 ] > [ 课程视频 ] > [ 333.69 GB ] > 
输入0返回上一级、输入A或4 下载本分类所有文件、输入3位编码下载对应子分类全部文件、输入5位编码进入对应专辑,按[Enter]键确定 > 
> [ 40403 ] > [ 缘起赞 ] >

————————————————————————————————
 序号|  文件大小 |            文  件  名   
————————————————————————————————
   1 |  399.94MB | 《缘起赞》1.mp4
   2 |  403.77MB | 《缘起赞》2.mp4
   3 |  404.80MB | 《缘起赞》3.mp4
   4 |  428.86MB | 《缘起赞》4.mp4
   5 |  434.17MB | 《缘起赞》5.mp4
   6 |  407.02MB | 《缘起赞》6.mp4
   7 |  424.62MB | 《缘起赞》7.mp4
   8 |  390.66MB | 《缘起赞》8.mp4
————————————————————————————————

> [ 课程视频 ] > [ 缘起赞 ] > 
输入0返回上一级、输入A或40403 下载本分类所有文件、输入课程序号单独下载对应课程,按[Enter]键确定 > 
> [ 课程视频 ] > [ 缘起赞 ] > 
输入0返回上一级、输入A或40403 下载本分类所有文件、输入课程序号单独下载对应课程,按[Enter]键确定 > 
————————————————————————————————
4:[ 课程视频 ] ( 815 个文件,333.69 GB) 
————————————————————————————————
  401:[ 慧灯禅修课 ] ( 61 个文件, 24.87 GB) 
       40101:慧灯禅修课第一册 (7)  40102:慧灯禅修课第二册 (8)  40103:慧灯禅修课第三册 (26)  
       40104:慧灯禅修课第四册 (20)  
  402:[ 人生智慧 ] ( 85 个文件, 35.24 GB) 
       40201:佛教与企业 (14)  40202:智慧系列 (25)  40203:幸福专题 (18)  
       40204:提升心灵 (13)  40205:人天佛教 (4)  40206:人生智慧系列其他 (11)  
  403:[ 佛法见修 ] ( 183 个文件, 75.48 GB) 
       40301:修行次第 (12)  40302:生与死 (7)  40303:金刚萨埵的修法 (8)  
       40304:基础知识 (21)  40306:曼扎的修法 (4)  40307:藏传佛教系列 (10)  
       40308:六度 (20)  40309:上师瑜伽 (8)  40310:入坐与出坐 (1)  
       40311:如何对治烦恼 (5)  40313:出离心 (8)  40314:四圣谛 (11)  
       40316:菩提心 (11)  40318:密乘 (1)  40319:禅定 (11)  
       40320:佛法与生活 (8)  40321:佛法见修系列其他 (5)  40322:空性 (25)  
       40323:皈依的修法 (7)  
  404:[ 经典解读 ] ( 127 个文件, 54.59 GB) 
       40401:胜道宝鬘论 (38)  40402:定日百颂 (16)  40403:缘起赞 (8)  
       40410:离四贪 (1)  40411:佛说稻秆经 (15)  40412:《六祖坛经》释义 (11)  
       40413:达摩血脉论 (10)  40414:达摩悟性论 (10)  40415:三十五佛忏悔文 (1)  
       40416:四法宝鬘论 (2)  40417:三主要道论 (3)  40418:达摩破相论 (8)  
       40419:达摩四行观 (4)  
  405:[ 三乘戒律 ] ( 5 个文件, 1.90 GB) 
       40501:别解脱戒 (4)  40502:菩萨戒 (1)  
  406:[ 环球系列 ] ( 263 个文件, 112.58 GB) 
       40601:中国台湾 (46)  40602:加拿大 (26)  40603:中国香港 (31)  
       40604:澳大利亚 (18)  40605:新加坡 (31)  40606:美国 (61)  
       40607:马来西亚 (36)  40608:新西兰 (10)  40609:日本 (4)  
  407:[ 其他系列 ] ( 7 个文件, 461.88 MB) 
       40701:其他 (7)  
  408:[ 佛教心理学 ] ( 84 个文件, 28.59 GB) 
       40801:禅修 (3)  40802:智慧人生 (4)  40803:经论解读 (6)  
       40805:缘起性空的要义 (23)  40806:四圣谛详解 (23)  40807:《入菩萨行论》简要版 (16)  
       40808:佛教心理学 (9)  

> [ 主菜单 ] > [ 课程视频 ] > [ 333.69 GB ] > 
输入0返回上一级、输入A或4 下载本分类所有文件、输入3位编码下载对应子分类全部文件、输入5位编码进入对应专辑,按[Enter]键确定 > 
> [ 40410 ] > [ 离四贪 ] >

————————————————————————————————
 序号|  文件大小 |            文  件  名   
————————————————————————————————
   1 |  428.81MB | 萨迦离四贪法.mp4
————————————————————————————————

> [ 课程视频 ] > [ 离四贪 ] > 
输入0返回上一级、输入A或40410 下载本分类所有文件、输入课程序号单独下载对应课程,按[Enter]键确定 > 
————————————————————————————————
4:[ 课程视频 ] ( 815 个文件,333.69 GB) 
————————————————————————————————
  401:[ 慧灯禅修课 ] ( 61 个文件, 24.87 GB) 
       40101:慧灯禅修课第一册 (7)  40102:慧灯禅修课第二册 (8)  40103:慧灯禅修课第三册 (26)  
       40104:慧灯禅修课第四册 (20)  
  402:[ 人生智慧 ] ( 85 个文件, 35.24 GB) 
       40201:佛教与企业 (14)  40202:智慧系列 (25)  40203:幸福专题 (18)  
       40204:提升心灵 (13)  40205:人天佛教 (4)  40206:人生智慧系列其他 (11)  
  403:[ 佛法见修 ] ( 183 个文件, 75.48 GB) 
       40301:修行次第 (12)  40302:生与死 (7)  40303:金刚萨埵的修法 (8)  
       40304:基础知识 (21)  40306:曼扎的修法 (4)  40307:藏传佛教系列 (10)  
       40308:六度 (20)  40309:上师瑜伽 (8)  40310:入坐与出坐 (1)  
       40311:如何对治烦恼 (5)  40313:出离心 (8)  40314:四圣谛 (11)  
       40316:菩提心 (11)  40318:密乘 (1)  40319:禅定 (11)  
       40320:佛法与生活 (8)  40321:佛法见修系列其他 (5)  40322:空性 (25)  
       40323:皈依的修法 (7)  
  404:[ 经典解读 ] ( 127 个文件, 54.59 GB) 
       40401:胜道宝鬘论 (38)  40402:定日百颂 (16)  40403:缘起赞 (8)  
       40410:离四贪 (1)  40411:佛说稻秆经 (15)  40412:《六祖坛经》释义 (11)  
       40413:达摩血脉论 (10)  40414:达摩悟性论 (10)  40415:三十五佛忏悔文 (1)  
       40416:四法宝鬘论 (2)  40417:三主要道论 (3)  40418:达摩破相论 (8)  
       40419:达摩四行观 (4)  
  405:[ 三乘戒律 ] ( 5 个文件, 1.90 GB) 
       40501:别解脱戒 (4)  40502:菩萨戒 (1)  
  406:[ 环球系列 ] ( 263 个文件, 112.58 GB) 
       40601:中国台湾 (46)  40602:加拿大 (26)  40603:中国香港 (31)  
       40604:澳大利亚 (18)  40605:新加坡 (31)  40606:美国 (61)  
       40607:马来西亚 (36)  40608:新西兰 (10)  40609:日本 (4)  
  407:[ 其他系列 ] ( 7 个文件, 461.88 MB) 
       40701:其他 (7)  
  408:[ 佛教心理学 ] ( 84 个文件, 28.59 GB) 
       40801:禅修 (3)  40802:智慧人生 (4)  40803:经论解读 (6)  
       40805:缘起性空的要义 (23)  40806:四圣谛详解 (23)  40807:《入菩萨行论》简要版 (16)  
       40808:佛教心理学 (9)  

> [ 主菜单 ] > [ 课程视频 ] > [ 333.69 GB ] > 
输入0返回上一级、输入A或4 下载本分类所有文件、输入3位编码下载对应子分类全部文件、输入5位编码进入对应专辑,按[Enter]键确定 > 
> [ 40411 ] > [ 佛说稻秆经 ] >

————————————————————————————————
 序号|  文件大小 |            文  件  名   
————————————————————————————————
   1 |  439.15MB | 从《佛说稻秆经》谈佛教人生观和世界观1.mp4
   2 |  451.74MB | 从《佛说稻秆经》谈佛教人生观和世界观2.mp4
   3 |  460.27MB | 从《佛说稻秆经》谈佛教人生观和世界观3.mp4
   4 |  452.78MB | 从《佛说稻秆经》谈佛教人生观和世界观4.mp4
   5 |  345.22MB | 从《佛说稻秆经》谈佛教人生观和世界观5.mp4
   6 |  446.17MB | 从《佛说稻秆经》谈佛教人生观和世界观6.mp4
   7 |  471.49MB | 从《佛说稻秆经》谈佛教人生观和世界观7.mp4
   8 |  457.83MB | 从《佛说稻秆经》谈佛教人生观和世界观8.mp4
   9 |  454.79MB | 从《佛说稻秆经》谈佛教人生观和世界观9.mp4
  10 |  447.81MB | 从《佛说稻秆经》谈佛教人生观和世界观10.mp4
  11 |  453.43MB | 从《佛说稻秆经》谈佛教人生观和世界观11.mp4
  12 |  452.77MB | 从《佛说稻秆经》谈佛教人生观和世界观12.mp4
  13 |  449.01MB | 从《佛说稻秆经》谈佛教人生观和世界观13.mp4
  14 |  455.10MB | 从《佛说稻秆经》谈佛教人生观和世界观14.mp4
  15 |  460.04MB | 从《佛说稻秆经》谈佛教人生观和世界观15.mp4
————————————————————————————————

> [ 课程视频 ] > [ 佛说稻秆经 ] > 
输入0返回上一级、输入A或40411 下载本分类所有文件、输入课程序号单独下载对应课程,按[Enter]键确定 > 
————————————————————————————————
4:[ 课程视频 ] ( 815 个文件,333.69 GB) 
————————————————————————————————
  401:[ 慧灯禅修课 ] ( 61 个文件, 24.87 GB) 
       40101:慧灯禅修课第一册 (7)  40102:慧灯禅修课第二册 (8)  40103:慧灯禅修课第三册 (26)  
       40104:慧灯禅修课第四册 (20)  
  402:[ 人生智慧 ] ( 85 个文件, 35.24 GB) 
       40201:佛教与企业 (14)  40202:智慧系列 (25)  40203:幸福专题 (18)  
       40204:提升心灵 (13)  40205:人天佛教 (4)  40206:人生智慧系列其他 (11)  
  403:[ 佛法见修 ] ( 183 个文件, 75.48 GB) 
       40301:修行次第 (12)  40302:生与死 (7)  40303:金刚萨埵的修法 (8)  
       40304:基础知识 (21)  40306:曼扎的修法 (4)  40307:藏传佛教系列 (10)  
       40308:六度 (20)  40309:上师瑜伽 (8)  40310:入坐与出坐 (1)  
       40311:如何对治烦恼 (5)  40313:出离心 (8)  40314:四圣谛 (11)  
       40316:菩提心 (11)  40318:密乘 (1)  40319:禅定 (11)  
       40320:佛法与生活 (8)  40321:佛法见修系列其他 (5)  40322:空性 (25)  
       40323:皈依的修法 (7)  
  404:[ 经典解读 ] ( 127 个文件, 54.59 GB) 
       40401:胜道宝鬘论 (38)  40402:定日百颂 (16)  40403:缘起赞 (8)  
       40410:离四贪 (1)  40411:佛说稻秆经 (15)  40412:《六祖坛经》释义 (11)  
       40413:达摩血脉论 (10)  40414:达摩悟性论 (10)  40415:三十五佛忏悔文 (1)  
       40416:四法宝鬘论 (2)  40417:三主要道论 (3)  40418:达摩破相论 (8)  
       40419:达摩四行观 (4)  
  405:[ 三乘戒律 ] ( 5 个文件, 1.90 GB) 
       40501:别解脱戒 (4)  40502:菩萨戒 (1)  
  406:[ 环球系列 ] ( 263 个文件, 112.58 GB) 
       40601:中国台湾 (46)  40602:加拿大 (26)  40603:中国香港 (31)  
       40604:澳大利亚 (18)  40605:新加坡 (31)  40606:美国 (61)  
       40607:马来西亚 (36)  40608:新西兰 (10)  40609:日本 (4)  
  407:[ 其他系列 ] ( 7 个文件, 461.88 MB) 
       40701:其他 (7)  
  408:[ 佛教心理学 ] ( 84 个文件, 28.59 GB) 
       40801:禅修 (3)  40802:智慧人生 (4)  40803:经论解读 (6)  
       40805:缘起性空的要义 (23)  40806:四圣谛详解 (23)  40807:《入菩萨行论》简要版 (16)  
       40808:佛教心理学 (9)  

> [ 主菜单 ] > [ 课程视频 ] > [ 333.69 GB ] > 
输入0返回上一级、输入A或4 下载本分类所有文件、输入3位编码下载对应子分类全部文件、输入5位编码进入对应专辑,按[Enter]键确定 > 
> [ 40413 ] > [ 达摩血脉论 ] >

————————————————————————————————
 序号|  文件大小 |            文  件  名   
————————————————————————————————
   1 |  471.76MB | 《达摩血脉论》1.mp4
   2 |  499.86MB | 《达摩血脉论》2.mp4
   3 |  509.93MB | 《达摩血脉论》3.mp4
   4 |  466.44MB | 《达摩血脉论》4.mp4
   5 |  513.63MB | 《达摩血脉论》5.mp4
   6 |  553.59MB | 《达摩血脉论》6.mp4
   7 |  470.57MB | 《达摩血脉论》7.mp4
   8 |  463.56MB | 《达摩血脉论》8.mp4
   9 |  463.40MB | 《达摩血脉论》9.mp4
  10 |  465.32MB | 《达摩血脉论》10.mp4
————————————————————————————————

> [ 课程视频 ] > [ 达摩血脉论 ] > 
输入0返回上一级、输入A或40413 下载本分类所有文件、输入课程序号单独下载对应课程,按[Enter]键确定 > 
————————————————————————————————
4:[ 课程视频 ] ( 815 个文件,333.69 GB) 
————————————————————————————————
  401:[ 慧灯禅修课 ] ( 61 个文件, 24.87 GB) 
       40101:慧灯禅修课第一册 (7)  40102:慧灯禅修课第二册 (8)  40103:慧灯禅修课第三册 (26)  
       40104:慧灯禅修课第四册 (20)  
  402:[ 人生智慧 ] ( 85 个文件, 35.24 GB) 
       40201:佛教与企业 (14)  40202:智慧系列 (25)  40203:幸福专题 (18)  
       40204:提升心灵 (13)  40205:人天佛教 (4)  40206:人生智慧系列其他 (11)  
  403:[ 佛法见修 ] ( 183 个文件, 75.48 GB) 
       40301:修行次第 (12)  40302:生与死 (7)  40303:金刚萨埵的修法 (8)  
       40304:基础知识 (21)  40306:曼扎的修法 (4)  40307:藏传佛教系列 (10)  
       40308:六度 (20)  40309:上师瑜伽 (8)  40310:入坐与出坐 (1)  
       40311:如何对治烦恼 (5)  40313:出离心 (8)  40314:四圣谛 (11)  
       40316:菩提心 (11)  40318:密乘 (1)  40319:禅定 (11)  
       40320:佛法与生活 (8)  40321:佛法见修系列其他 (5)  40322:空性 (25)  
       40323:皈依的修法 (7)  
  404:[ 经典解读 ] ( 127 个文件, 54.59 GB) 
       40401:胜道宝鬘论 (38)  40402:定日百颂 (16)  40403:缘起赞 (8)  
       40410:离四贪 (1)  40411:佛说稻秆经 (15)  40412:《六祖坛经》释义 (11)  
       40413:达摩血脉论 (10)  40414:达摩悟性论 (10)  40415:三十五佛忏悔文 (1)  
       40416:四法宝鬘论 (2)  40417:三主要道论 (3)  40418:达摩破相论 (8)  
       40419:达摩四行观 (4)  
  405:[ 三乘戒律 ] ( 5 个文件, 1.90 GB) 
       40501:别解脱戒 (4)  40502:菩萨戒 (1)  
  406:[ 环球系列 ] ( 263 个文件, 112.58 GB) 
       40601:中国台湾 (46)  40602:加拿大 (26)  40603:中国香港 (31)  
       40604:澳大利亚 (18)  40605:新加坡 (31)  40606:美国 (61)  
       40607:马来西亚 (36)  40608:新西兰 (10)  40609:日本 (4)  
  407:[ 其他系列 ] ( 7 个文件, 461.88 MB) 
       40701:其他 (7)  
  408:[ 佛教心理学 ] ( 84 个文件, 28.59 GB) 
       40801:禅修 (3)  40802:智慧人生 (4)  40803:经论解读 (6)  
       40805:缘起性空的要义 (23)  40806:四圣谛详解 (23)  40807:《入菩萨行论》简要版 (16)  
       40808:佛教心理学 (9)  

> [ 主菜单 ] > [ 课程视频 ] > [ 333.69 GB ] > 
输入0返回上一级、输入A或4 下载本分类所有文件、输入3位编码下载对应子分类全部文件、输入5位编码进入对应专辑,按[Enter]键确定 > 
> [ 40414 ] > [ 达摩悟性论 ] >

————————————————————————————————
 序号|  文件大小 |            文  件  名   
————————————————————————————————
   1 |  470.86MB | 01 《达摩悟性论》1.mp4
   2 |  471.90MB | 02 《达摩悟性论》2.mp4
   3 |  456.39MB | 03 《达摩悟性论》3.mp4
   4 |  468.20MB | 04 《达摩悟性论》4.mp4
   5 |  466.56MB | 05 《达摩悟性论》5.mp4
   6 |  493.13MB | 06 《达摩悟性论》6.mp4
   7 |  507.09MB | 07 《达摩悟性论》7.mp4
   8 |  474.01MB | 08 《达摩悟性论》8.mp4
   9 |  573.14MB | 09 《达摩悟性论》9.mp4
  10 |  471.78MB | 10 《达摩悟性论》10.mp4
————————————————————————————————

> [ 课程视频 ] > [ 达摩悟性论 ] > 
输入0返回上一级、输入A或40414 下载本分类所有文件、输入课程序号单独下载对应课程,按[Enter]键确定 > 
————————————————————————————————
4:[ 课程视频 ] ( 815 个文件,333.69 GB) 
————————————————————————————————
  401:[ 慧灯禅修课 ] ( 61 个文件, 24.87 GB) 
       40101:慧灯禅修课第一册 (7)  40102:慧灯禅修课第二册 (8)  40103:慧灯禅修课第三册 (26)  
       40104:慧灯禅修课第四册 (20)  
  402:[ 人生智慧 ] ( 85 个文件, 35.24 GB) 
       40201:佛教与企业 (14)  40202:智慧系列 (25)  40203:幸福专题 (18)  
       40204:提升心灵 (13)  40205:人天佛教 (4)  40206:人生智慧系列其他 (11)  
  403:[ 佛法见修 ] ( 183 个文件, 75.48 GB) 
       40301:修行次第 (12)  40302:生与死 (7)  40303:金刚萨埵的修法 (8)  
       40304:基础知识 (21)  40306:曼扎的修法 (4)  40307:藏传佛教系列 (10)  
       40308:六度 (20)  40309:上师瑜伽 (8)  40310:入坐与出坐 (1)  
       40311:如何对治烦恼 (5)  40313:出离心 (8)  40314:四圣谛 (11)  
       40316:菩提心 (11)  40318:密乘 (1)  40319:禅定 (11)  
       40320:佛法与生活 (8)  40321:佛法见修系列其他 (5)  40322:空性 (25)  
       40323:皈依的修法 (7)  
  404:[ 经典解读 ] ( 127 个文件, 54.59 GB) 
       40401:胜道宝鬘论 (38)  40402:定日百颂 (16)  40403:缘起赞 (8)  
       40410:离四贪 (1)  40411:佛说稻秆经 (15)  40412:《六祖坛经》释义 (11)  
       40413:达摩血脉论 (10)  40414:达摩悟性论 (10)  40415:三十五佛忏悔文 (1)  
       40416:四法宝鬘论 (2)  40417:三主要道论 (3)  40418:达摩破相论 (8)  
       40419:达摩四行观 (4)  
  405:[ 三乘戒律 ] ( 5 个文件, 1.90 GB) 
       40501:别解脱戒 (4)  40502:菩萨戒 (1)  
  406:[ 环球系列 ] ( 263 个文件, 112.58 GB) 
       40601:中国台湾 (46)  40602:加拿大 (26)  40603:中国香港 (31)  
       40604:澳大利亚 (18)  40605:新加坡 (31)  40606:美国 (61)  
       40607:马来西亚 (36)  40608:新西兰 (10)  40609:日本 (4)  
  407:[ 其他系列 ] ( 7 个文件, 461.88 MB) 
       40701:其他 (7)  
  408:[ 佛教心理学 ] ( 84 个文件, 28.59 GB) 
       40801:禅修 (3)  40802:智慧人生 (4)  40803:经论解读 (6)  
       40805:缘起性空的要义 (23)  40806:四圣谛详解 (23)  40807:《入菩萨行论》简要版 (16)  
       40808:佛教心理学 (9)  

> [ 主菜单 ] > [ 课程视频 ] > [ 333.69 GB ] > 
输入0返回上一级、输入A或4 下载本分类所有文件、输入3位编码下载对应子分类全部文件、输入5位编码进入对应专辑,按[Enter]键确定 > 
> [ 40415 ] > [ 三十五佛忏悔文 ] >

————————————————————————————————
 序号|  文件大小 |            文  件  名   
————————————————————————————————
   1 |  458.42MB | 2018新加坡系列讲座 殊胜的忏悔法.mp4
————————————————————————————————

> [ 课程视频 ] > [ 三十五佛忏悔文 ] > 
输入0返回上一级、输入A或40415 下载本分类所有文件、输入课程序号单独下载对应课程,按[Enter]键确定 > 
————————————————————————————————
4:[ 课程视频 ] ( 815 个文件,333.69 GB) 
————————————————————————————————
  401:[ 慧灯禅修课 ] ( 61 个文件, 24.87 GB) 
       40101:慧灯禅修课第一册 (7)  40102:慧灯禅修课第二册 (8)  40103:慧灯禅修课第三册 (26)  
       40104:慧灯禅修课第四册 (20)  
  402:[ 人生智慧 ] ( 85 个文件, 35.24 GB) 
       40201:佛教与企业 (14)  40202:智慧系列 (25)  40203:幸福专题 (18)  
       40204:提升心灵 (13)  40205:人天佛教 (4)  40206:人生智慧系列其他 (11)  
  403:[ 佛法见修 ] ( 183 个文件, 75.48 GB) 
       40301:修行次第 (12)  40302:生与死 (7)  40303:金刚萨埵的修法 (8)  
       40304:基础知识 (21)  40306:曼扎的修法 (4)  40307:藏传佛教系列 (10)  
       40308:六度 (20)  40309:上师瑜伽 (8)  40310:入坐与出坐 (1)  
       40311:如何对治烦恼 (5)  40313:出离心 (8)  40314:四圣谛 (11)  
       40316:菩提心 (11)  40318:密乘 (1)  40319:禅定 (11)  
       40320:佛法与生活 (8)  40321:佛法见修系列其他 (5)  40322:空性 (25)  
       40323:皈依的修法 (7)  
  404:[ 经典解读 ] ( 127 个文件, 54.59 GB) 
       40401:胜道宝鬘论 (38)  40402:定日百颂 (16)  40403:缘起赞 (8)  
       40410:离四贪 (1)  40411:佛说稻秆经 (15)  40412:《六祖坛经》释义 (11)  
       40413:达摩血脉论 (10)  40414:达摩悟性论 (10)  40415:三十五佛忏悔文 (1)  
       40416:四法宝鬘论 (2)  40417:三主要道论 (3)  40418:达摩破相论 (8)  
       40419:达摩四行观 (4)  
  405:[ 三乘戒律 ] ( 5 个文件, 1.90 GB) 
       40501:别解脱戒 (4)  40502:菩萨戒 (1)  
  406:[ 环球系列 ] ( 263 个文件, 112.58 GB) 
       40601:中国台湾 (46)  40602:加拿大 (26)  40603:中国香港 (31)  
       40604:澳大利亚 (18)  40605:新加坡 (31)  40606:美国 (61)  
       40607:马来西亚 (36)  40608:新西兰 (10)  40609:日本 (4)  
  407:[ 其他系列 ] ( 7 个文件, 461.88 MB) 
       40701:其他 (7)  
  408:[ 佛教心理学 ] ( 84 个文件, 28.59 GB) 
       40801:禅修 (3)  40802:智慧人生 (4)  40803:经论解读 (6)  
       40805:缘起性空的要义 (23)  40806:四圣谛详解 (23)  40807:《入菩萨行论》简要版 (16)  
       40808:佛教心理学 (9)  

> [ 主菜单 ] > [ 课程视频 ] > [ 333.69 GB ] > 
输入0返回上一级、输入A或4 下载本分类所有文件、输入3位编码下载对应子分类全部文件、输入5位编码进入对应专辑,按[Enter]键确定 > 
> [ 40416 ] > [ 四法宝鬘论 ] >

————————————————————————————————
 序号|  文件大小 |            文  件  名   
————————————————————————————————
   1 |  434.17MB | 2017香港弘法行 《四法宝鬘论》释义1.mp4
   2 |  476.13MB | 2017香港弘法行 《四法宝鬘论》释义2.mp4
————————————————————————————————

> [ 课程视频 ] > [ 四法宝鬘论 ] > 
输入0返回上一级、输入A或40416 下载本分类所有文件、输入课程序号单独下载对应课程,按[Enter]键确定 > 
————————————————————————————————
4:[ 课程视频 ] ( 815 个文件,333.69 GB) 
————————————————————————————————
  401:[ 慧灯禅修课 ] ( 61 个文件, 24.87 GB) 
       40101:慧灯禅修课第一册 (7)  40102:慧灯禅修课第二册 (8)  40103:慧灯禅修课第三册 (26)  
       40104:慧灯禅修课第四册 (20)  
  402:[ 人生智慧 ] ( 85 个文件, 35.24 GB) 
       40201:佛教与企业 (14)  40202:智慧系列 (25)  40203:幸福专题 (18)  
       40204:提升心灵 (13)  40205:人天佛教 (4)  40206:人生智慧系列其他 (11)  
  403:[ 佛法见修 ] ( 183 个文件, 75.48 GB) 
       40301:修行次第 (12)  40302:生与死 (7)  40303:金刚萨埵的修法 (8)  
       40304:基础知识 (21)  40306:曼扎的修法 (4)  40307:藏传佛教系列 (10)  
       40308:六度 (20)  40309:上师瑜伽 (8)  40310:入坐与出坐 (1)  
       40311:如何对治烦恼 (5)  40313:出离心 (8)  40314:四圣谛 (11)  
       40316:菩提心 (11)  40318:密乘 (1)  40319:禅定 (11)  
       40320:佛法与生活 (8)  40321:佛法见修系列其他 (5)  40322:空性 (25)  
       40323:皈依的修法 (7)  
  404:[ 经典解读 ] ( 127 个文件, 54.59 GB) 
       40401:胜道宝鬘论 (38)  40402:定日百颂 (16)  40403:缘起赞 (8)  
       40410:离四贪 (1)  40411:佛说稻秆经 (15)  40412:《六祖坛经》释义 (11)  
       40413:达摩血脉论 (10)  40414:达摩悟性论 (10)  40415:三十五佛忏悔文 (1)  
       40416:四法宝鬘论 (2)  40417:三主要道论 (3)  40418:达摩破相论 (8)  
       40419:达摩四行观 (4)  
  405:[ 三乘戒律 ] ( 5 个文件, 1.90 GB) 
       40501:别解脱戒 (4)  40502:菩萨戒 (1)  
  406:[ 环球系列 ] ( 263 个文件, 112.58 GB) 
       40601:中国台湾 (46)  40602:加拿大 (26)  40603:中国香港 (31)  
       40604:澳大利亚 (18)  40605:新加坡 (31)  40606:美国 (61)  
       40607:马来西亚 (36)  40608:新西兰 (10)  40609:日本 (4)  
  407:[ 其他系列 ] ( 7 个文件, 461.88 MB) 
       40701:其他 (7)  
  408:[ 佛教心理学 ] ( 84 个文件, 28.59 GB) 
       40801:禅修 (3)  40802:智慧人生 (4)  40803:经论解读 (6)  
       40805:缘起性空的要义 (23)  40806:四圣谛详解 (23)  40807:《入菩萨行论》简要版 (16)  
       40808:佛教心理学 (9)  

> [ 主菜单 ] > [ 课程视频 ] > [ 333.69 GB ] > 
输入0返回上一级、输入A或4 下载本分类所有文件、输入3位编码下载对应子分类全部文件、输入5位编码进入对应专辑,按[Enter]键确定 > 
> [ 40418 ] > [ 达摩破相论 ] >

————————————————————————————————
 序号|  文件大小 |            文  件  名   
————————————————————————————————
   1 |  422.25MB | 《达摩破相论》1.mp4
   2 |  410.12MB | 《达摩破相论》2.mp4
   3 |  450.03MB | 《达摩破相论》3.mp4
   4 |  463.93MB | 《达摩破相论》4.mp4
   5 |  402.11MB | 《达摩破相论》5.mp4
   6 |  437.49MB | 《达摩破相论》6.mp4
   7 |  466.74MB | 《达摩破相论》7.mp4
   8 |  554.71MB | 《达摩破相论》8.mp4
————————————————————————————————

> [ 课程视频 ] > [ 达摩破相论 ] > 
输入0返回上一级、输入A或40418 下载本分类所有文件、输入课程序号单独下载对应课程,按[Enter]键确定 > 
————————————————————————————————
4:[ 课程视频 ] ( 815 个文件,333.69 GB) 
————————————————————————————————
  401:[ 慧灯禅修课 ] ( 61 个文件, 24.87 GB) 
       40101:慧灯禅修课第一册 (7)  40102:慧灯禅修课第二册 (8)  40103:慧灯禅修课第三册 (26)  
       40104:慧灯禅修课第四册 (20)  
  402:[ 人生智慧 ] ( 85 个文件, 35.24 GB) 
       40201:佛教与企业 (14)  40202:智慧系列 (25)  40203:幸福专题 (18)  
       40204:提升心灵 (13)  40205:人天佛教 (4)  40206:人生智慧系列其他 (11)  
  403:[ 佛法见修 ] ( 183 个文件, 75.48 GB) 
       40301:修行次第 (12)  40302:生与死 (7)  40303:金刚萨埵的修法 (8)  
       40304:基础知识 (21)  40306:曼扎的修法 (4)  40307:藏传佛教系列 (10)  
       40308:六度 (20)  40309:上师瑜伽 (8)  40310:入坐与出坐 (1)  
       40311:如何对治烦恼 (5)  40313:出离心 (8)  40314:四圣谛 (11)  
       40316:菩提心 (11)  40318:密乘 (1)  40319:禅定 (11)  
       40320:佛法与生活 (8)  40321:佛法见修系列其他 (5)  40322:空性 (25)  
       40323:皈依的修法 (7)  
  404:[ 经典解读 ] ( 127 个文件, 54.59 GB) 
       40401:胜道宝鬘论 (38)  40402:定日百颂 (16)  40403:缘起赞 (8)  
       40410:离四贪 (1)  40411:佛说稻秆经 (15)  40412:《六祖坛经》释义 (11)  
       40413:达摩血脉论 (10)  40414:达摩悟性论 (10)  40415:三十五佛忏悔文 (1)  
       40416:四法宝鬘论 (2)  40417:三主要道论 (3)  40418:达摩破相论 (8)  
       40419:达摩四行观 (4)  
  405:[ 三乘戒律 ] ( 5 个文件, 1.90 GB) 
       40501:别解脱戒 (4)  40502:菩萨戒 (1)  
  406:[ 环球系列 ] ( 263 个文件, 112.58 GB) 
       40601:中国台湾 (46)  40602:加拿大 (26)  40603:中国香港 (31)  
       40604:澳大利亚 (18)  40605:新加坡 (31)  40606:美国 (61)  
       40607:马来西亚 (36)  40608:新西兰 (10)  40609:日本 (4)  
  407:[ 其他系列 ] ( 7 个文件, 461.88 MB) 
       40701:其他 (7)  
  408:[ 佛教心理学 ] ( 84 个文件, 28.59 GB) 
       40801:禅修 (3)  40802:智慧人生 (4)  40803:经论解读 (6)  
       40805:缘起性空的要义 (23)  40806:四圣谛详解 (23)  40807:《入菩萨行论》简要版 (16)  
       40808:佛教心理学 (9)  

> [ 主菜单 ] > [ 课程视频 ] > [ 333.69 GB ] > 
输入0返回上一级、输入A或4 下载本分类所有文件、输入3位编码下载对应子分类全部文件、输入5位编码进入对应专辑,按[Enter]键确定 > 
> [ 40419 ] > [ 达摩四行观 ] >

————————————————————————————————
 序号|  文件大小 |            文  件  名   
————————————————————————————————
   1 |  319.30MB | 《达摩四行观》1.mp4
   2 |  458.55MB | 《达摩四行观》2.mp4
   3 |  503.09MB | 《达摩四行观》3.mp4
   4 |  527.01MB | 如何证悟.mp4
————————————————————————————————

> [ 课程视频 ] > [ 达摩四行观 ] > 
输入0返回上一级、输入A或40419 下载本分类所有文件、输入课程序号单独下载对应课程,按[Enter]键确定 > 
> [ 课程视频 ] > [ 达摩四行观 ] > 
输入0返回上一级、输入A或40419 下载本分类所有文件、输入课程序号单独下载对应课程,按[Enter]键确定 > 
————————————————————————————————
4:[ 课程视频 ] ( 815 个文件,333.69 GB) 
————————————————————————————————
  401:[ 慧灯禅修课 ] ( 61 个文件, 24.87 GB) 
       40101:慧灯禅修课第一册 (7)  40102:慧灯禅修课第二册 (8)  40103:慧灯禅修课第三册 (26)  
       40104:慧灯禅修课第四册 (20)  
  402:[ 人生智慧 ] ( 85 个文件, 35.24 GB) 
       40201:佛教与企业 (14)  40202:智慧系列 (25)  40203:幸福专题 (18)  
       40204:提升心灵 (13)  40205:人天佛教 (4)  40206:人生智慧系列其他 (11)  
  403:[ 佛法见修 ] ( 183 个文件, 75.48 GB) 
       40301:修行次第 (12)  40302:生与死 (7)  40303:金刚萨埵的修法 (8)  
       40304:基础知识 (21)  40306:曼扎的修法 (4)  40307:藏传佛教系列 (10)  
       40308:六度 (20)  40309:上师瑜伽 (8)  40310:入坐与出坐 (1)  
       40311:如何对治烦恼 (5)  40313:出离心 (8)  40314:四圣谛 (11)  
       40316:菩提心 (11)  40318:密乘 (1)  40319:禅定 (11)  
       40320:佛法与生活 (8)  40321:佛法见修系列其他 (5)  40322:空性 (25)  
       40323:皈依的修法 (7)  
  404:[ 经典解读 ] ( 127 个文件, 54.59 GB) 
       40401:胜道宝鬘论 (38)  40402:定日百颂 (16)  40403:缘起赞 (8)  
       40410:离四贪 (1)  40411:佛说稻秆经 (15)  40412:《六祖坛经》释义 (11)  
       40413:达摩血脉论 (10)  40414:达摩悟性论 (10)  40415:三十五佛忏悔文 (1)  
       40416:四法宝鬘论 (2)  40417:三主要道论 (3)  40418:达摩破相论 (8)  
       40419:达摩四行观 (4)  
  405:[ 三乘戒律 ] ( 5 个文件, 1.90 GB) 
       40501:别解脱戒 (4)  40502:菩萨戒 (1)  
  406:[ 环球系列 ] ( 263 个文件, 112.58 GB) 
       40601:中国台湾 (46)  40602:加拿大 (26)  40603:中国香港 (31)  
       40604:澳大利亚 (18)  40605:新加坡 (31)  40606:美国 (61)  
       40607:马来西亚 (36)  40608:新西兰 (10)  40609:日本 (4)  
  407:[ 其他系列 ] ( 7 个文件, 461.88 MB) 
       40701:其他 (7)  
  408:[ 佛教心理学 ] ( 84 个文件, 28.59 GB) 
       40801:禅修 (3)  40802:智慧人生 (4)  40803:经论解读 (6)  
       40805:缘起性空的要义 (23)  40806:四圣谛详解 (23)  40807:《入菩萨行论》简要版 (16)  
       40808:佛教心理学 (9)  

> [ 主菜单 ] > [ 课程视频 ] > [ 333.69 GB ] > 
输入0返回上一级、输入A或4 下载本分类所有文件、输入3位编码下载对应子分类全部文件、输入5位编码进入对应专辑,按[Enter]键确定 > 
     —————————————
       * * * [ 主菜单 ] * * *

          00 下载《使用指南》
          1  全 部 文 件 
          2  电子书有声书
          3  慧灯问道
          4  视频课程
          5  音频课程
          6  密法课程(*确认您已得受过正式的灌顶,方可下载观看！)

          U  最近文件更新
          T  检查已经下载文件,如有损坏则重新下载
          P  播放器下载
          I  ※ 最近动态
          W  佛慧法语网站 — 热心人士自己做的资源分享网站，内含较为全面的“慧灯之光”系列课程、图书等资料，可在线学习和下载
          M  慧物商城 — 热心人士自己做的购物平台 
          0  退   出

>请输入分类编号(1-6)或功能字母,按[Enter]键确定 > 已退出.
