-----------------------------------------------------------------
	        金钥匙下载工具  1.2.3
-----------------------------------------------------------------
功能：批量下载“慧灯之光”系列课程、电子书及有声书，资料来源于网络收集。
 ... 目前是最新版本！（64位编译） 

 有新动态，请按I键读取。

下载文件位置 /Users/jzhang/Downloads/hd_download_macOS

所在磁盘总空间: 926G, 剩余空间: 405G, 使用率: 56%

     —————————————
       * * * [ 主菜单 ] * * *

          00 下载《使用指南》
          1  全 部 文 件 
          2  电子书有声书
          3  慧灯问道
          4  视频课程
          5  音频课程
          6  密法课程(*确认您已得受过正式的灌顶,方可下载观看！)

          U  最近文件更新
          T  检查已经下载文件,如有损坏则重新下载
          P  播放器下载
          I  ※ 最近动态
          W  佛慧法语网站 — 热心人士自己做的资源分享网站，内含较为全面的“慧灯之光”系列课程、图书等资料，可在线学习和下载
          M  慧物商城 — 热心人士自己做的购物平台 
          0  退   出

>请输入分类编号(1-6)或功能字母,按[Enter]键确定 > 请从（1-6）选择正确的选项 ：
     —————————————
       * * * [ 主菜单 ] * * *

          00 下载《使用指南》
          1  全 部 文 件 
          2  电子书有声书
          3  慧灯问道
          4  视频课程
          5  音频课程
          6  密法课程(*确认您已得受过正式的灌顶,方可下载观看！)

          U  最近文件更新
          T  检查已经下载文件,如有损坏则重新下载
          P  播放器下载
          I  ※ 最近动态
          W  佛慧法语网站 — 热心人士自己做的资源分享网站，内含较为全面的“慧灯之光”系列课程、图书等资料，可在线学习和下载
          M  慧物商城 — 热心人士自己做的购物平台 
          0  退   出

>请输入分类编号(1-6)或功能字母,按[Enter]键确定 > 
————————————————————————————————
4:[ 课程视频 ] ( 815 个文件,333.69 GB) 
————————————————————————————————
  401:[ 慧灯禅修课 ] ( 61 个文件, 24.87 GB) 
       40101:慧灯禅修课第一册 (7)  40102:慧灯禅修课第二册 (8)  40103:慧灯禅修课第三册 (26)  
       40104:慧灯禅修课第四册 (20)  
  402:[ 人生智慧 ] ( 85 个文件, 35.24 GB) 
       40201:佛教与企业 (14)  40202:智慧系列 (25)  40203:幸福专题 (18)  
       40204:提升心灵 (13)  40205:人天佛教 (4)  40206:人生智慧系列其他 (11)  
  403:[ 佛法见修 ] ( 183 个文件, 75.48 GB) 
       40301:修行次第 (12)  40302:生与死 (7)  40303:金刚萨埵的修法 (8)  
       40304:基础知识 (21)  40306:曼扎的修法 (4)  40307:藏传佛教系列 (10)  
       40308:六度 (20)  40309:上师瑜伽 (8)  40310:入坐与出坐 (1)  
       40311:如何对治烦恼 (5)  40313:出离心 (8)  40314:四圣谛 (11)  
       40316:菩提心 (11)  40318:密乘 (1)  40319:禅定 (11)  
       40320:佛法与生活 (8)  40321:佛法见修系列其他 (5)  40322:空性 (25)  
       40323:皈依的修法 (7)  
  404:[ 经典解读 ] ( 127 个文件, 54.59 GB) 
       40401:胜道宝鬘论 (38)  40402:定日百颂 (16)  40403:缘起赞 (8)  
       40410:离四贪 (1)  40411:佛说稻秆经 (15)  40412:《六祖坛经》释义 (11)  
       40413:达摩血脉论 (10)  40414:达摩悟性论 (10)  40415:三十五佛忏悔文 (1)  
       40416:四法宝鬘论 (2)  40417:三主要道论 (3)  40418:达摩破相论 (8)  
       40419:达摩四行观 (4)  
  405:[ 三乘戒律 ] ( 5 个文件, 1.90 GB) 
       40501:别解脱戒 (4)  40502:菩萨戒 (1)  
  406:[ 环球系列 ] ( 263 个文件, 112.58 GB) 
       40601:中国台湾 (46)  40602:加拿大 (26)  40603:中国香港 (31)  
       40604:澳大利亚 (18)  40605:新加坡 (31)  40606:美国 (61)  
       40607:马来西亚 (36)  40608:新西兰 (10)  40609:日本 (4)  
  407:[ 其他系列 ] ( 7 个文件, 461.88 MB) 
       40701:其他 (7)  
  408:[ 佛教心理学 ] ( 84 个文件, 28.59 GB) 
       40801:禅修 (3)  40802:智慧人生 (4)  40803:经论解读 (6)  
       40805:缘起性空的要义 (23)  40806:四圣谛详解 (23)  40807:《入菩萨行论》简要版 (16)  
       40808:佛教心理学 (9)  

> [ 主菜单 ] > [ 课程视频 ] > [ 333.69 GB ] > 
输入0返回上一级、输入A或4 下载本分类所有文件、输入3位编码下载对应子分类全部文件、输入5位编码进入对应专辑,按[Enter]键确定 > 
> [ 40601 ] > [ 中国台湾 ] >

————————————————————————————————
 序号|  文件大小 |            文  件  名   
————————————————————————————————
   1 |  408.66MB | 2014台湾系列讲座 藏密之净土观.mp4
   2 |  445.06MB | 2014台湾系列讲座 藏传佛教的修学次第.mp4
   3 |  576.35MB | 2014台湾系列讲座 行善的要诀.mp4
   4 |  462.85MB | 2014台湾系列讲座 藏传佛教的幸福学.mp4
   5 |  440.77MB | 2014台湾系列讲座 如何面对心灵危机.mp4
   6 |  465.97MB | 2014台湾系列讲座 寻找心灵的归属.mp4
   7 |  452.72MB | 2014台湾系列讲座 藏密与禅宗.mp4
   8 |  559.51MB | 2014台湾系列讲座 禅修的方法.mp4
   9 |  547.51MB | 2014台湾系列讲座 传授皈依、居士戒.mp4
  10 |  442.15MB | 2014台湾系列讲座 你可以更慈悲.mp4
  11 |  523.96MB | 2014台湾系列讲座 你可以更无私.mp4
  12 |  615.71MB | 2015台湾系列讲座 实修空性见.mp4
  13 |  415.08MB | 2015台湾系列讲座 禅与悟.mp4
  14 |  458.96MB | 2015台湾系列讲座 显与密.mp4
  15 |  428.98MB | 2015台湾系列讲座 华严三讲 （一）如风游虚空 行世无障碍.mp4
  16 |  451.97MB | 2015台湾系列讲座 华严三讲 （二）《华严经》与相对论.mp4
  17 |  512.87MB | 2015台湾系列讲座 华严三讲 （三）器坏水漏影随灭.mp4
  18 |  584.32MB | 2015台湾系列讲座 传授皈依、居士戒.mp4
  19 |  456.63MB | 2015台湾系列讲座 模拟死亡 超越生死.mp4
  20 |  449.69MB | 2015台湾系列讲座 你可以更自在.mp4
  21 |  507.15MB | 2015台湾系列讲座 实修解脱道.mp4
  22 |  418.95MB | 2015台湾系列讲座 实修菩提心.mp4
  23 |  496.77MB | 2016台湾弘法行 《三主要道论》1.mp4
  24 |  501.14MB | 2016台湾弘法行 《三主要道论》2.mp4
  25 |  527.46MB | 2016台湾弘法行 《三主要道论》3.mp4
  26 |  440.07MB | 2016台湾弘法行 堪布带你读电影1.mp4
  27 |  529.01MB | 2016台湾弘法行 堪布带你读电影2.mp4
  28 |  510.84MB | 2016台湾弘法行 菩提心的力量.mp4
  29 |  518.85MB | 2016台湾弘法行 慈悲禅.mp4
  30 |  502.39MB | 2016台湾弘法行 《维摩诘经》与无上密法.mp4
  31 |  518.83MB | 2016台湾弘法行 显密精华如来藏.mp4
  32 |  550.13MB | 2017台湾弘法行 带领实修菩提心.mp4
  33 |  587.43MB | 2017台湾弘法行 带领实修藏密寂止禅定.mp4
  34 |  476.82MB | 2017台湾弘法行 带领实修自他相换.mp4
  35 |  463.96MB | 2017台湾弘法行 千江有水千江月.mp4
  36 |  456.66MB | 2017台湾弘法行 万里无云万里天.mp4
  37 |  425.89MB | 2017台湾弘法行 心中的般若波罗蜜多.mp4
  38 |  438.89MB | 2018台湾系列讲座 四法印实修引导（一） 总说见解.mp4
  39 |  461.50MB | 2018台湾系列讲座 四法印实修引导（二） 色、受即是空的修法.mp4
  40 |  441.75MB | 2018台湾系列讲座 四法印实修引导（三） 想、行、识即是空的修法.mp4
  41 |  456.80MB | 2018台湾系列讲座 做个古典、时尚兼具的现代佛教徒.mp4
  42 |  453.82MB | 2018台湾系列讲座 初学者如何实修正法.mp4
  43 |  443.93MB | 2018台湾系列讲座 什么是佛性.mp4
  44 |  436.93MB | 2018台湾系列讲座 带领实修静心禅.mp4
  45 |  470.28MB | 2018台湾系列讲座 带领实修观心禅.mp4
  46 |  413.14MB | 2018台湾系列讲座 佛教对现代生活的意义.mp4
————————————————————————————————

> [ 课程视频 ] > [ 中国台湾 ] > 
输入0返回上一级、输入A或40601 下载本分类所有文件、输入课程序号单独下载对应课程,按[Enter]键确定 > 
————————————————————————————————
4:[ 课程视频 ] ( 815 个文件,333.69 GB) 
————————————————————————————————
  401:[ 慧灯禅修课 ] ( 61 个文件, 24.87 GB) 
       40101:慧灯禅修课第一册 (7)  40102:慧灯禅修课第二册 (8)  40103:慧灯禅修课第三册 (26)  
       40104:慧灯禅修课第四册 (20)  
  402:[ 人生智慧 ] ( 85 个文件, 35.24 GB) 
       40201:佛教与企业 (14)  40202:智慧系列 (25)  40203:幸福专题 (18)  
       40204:提升心灵 (13)  40205:人天佛教 (4)  40206:人生智慧系列其他 (11)  
  403:[ 佛法见修 ] ( 183 个文件, 75.48 GB) 
       40301:修行次第 (12)  40302:生与死 (7)  40303:金刚萨埵的修法 (8)  
       40304:基础知识 (21)  40306:曼扎的修法 (4)  40307:藏传佛教系列 (10)  
       40308:六度 (20)  40309:上师瑜伽 (8)  40310:入坐与出坐 (1)  
       40311:如何对治烦恼 (5)  40313:出离心 (8)  40314:四圣谛 (11)  
       40316:菩提心 (11)  40318:密乘 (1)  40319:禅定 (11)  
       40320:佛法与生活 (8)  40321:佛法见修系列其他 (5)  40322:空性 (25)  
       40323:皈依的修法 (7)  
  404:[ 经典解读 ] ( 127 个文件, 54.59 GB) 
       40401:胜道宝鬘论 (38)  40402:定日百颂 (16)  40403:缘起赞 (8)  
       40410:离四贪 (1)  40411:佛说稻秆经 (15)  40412:《六祖坛经》释义 (11)  
       40413:达摩血脉论 (10)  40414:达摩悟性论 (10)  40415:三十五佛忏悔文 (1)  
       40416:四法宝鬘论 (2)  40417:三主要道论 (3)  40418:达摩破相论 (8)  
       40419:达摩四行观 (4)  
  405:[ 三乘戒律 ] ( 5 个文件, 1.90 GB) 
       40501:别解脱戒 (4)  40502:菩萨戒 (1)  
  406:[ 环球系列 ] ( 263 个文件, 112.58 GB) 
       40601:中国台湾 (46)  40602:加拿大 (26)  40603:中国香港 (31)  
       40604:澳大利亚 (18)  40605:新加坡 (31)  40606:美国 (61)  
       40607:马来西亚 (36)  40608:新西兰 (10)  40609:日本 (4)  
  407:[ 其他系列 ] ( 7 个文件, 461.88 MB) 
       40701:其他 (7)  
  408:[ 佛教心理学 ] ( 84 个文件, 28.59 GB) 
       40801:禅修 (3)  40802:智慧人生 (4)  40803:经论解读 (6)  
       40805:缘起性空的要义 (23)  40806:四圣谛详解 (23)  40807:《入菩萨行论》简要版 (16)  
       40808:佛教心理学 (9)  

> [ 主菜单 ] > [ 课程视频 ] > [ 333.69 GB ] > 
输入0返回上一级、输入A或4 下载本分类所有文件、输入3位编码下载对应子分类全部文件、输入5位编码进入对应专辑,按[Enter]键确定 > 
> [ 40602 ] > [ 加拿大 ] >

————————————————————————————————
 序号|  文件大小 |            文  件  名   
————————————————————————————————
   1 |  415.32MB | 2015加拿大系列讲座 三主要道：所有佛陀走过的路 （一）.mp4
   2 |  407.57MB | 2015加拿大系列讲座 三主要道：所有佛陀走过的路 （二）.mp4
   3 |  466.32MB | 2015加拿大系列讲座 三主要道：所有佛陀走过的路 （三）.mp4
   4 |  474.82MB | 2015加拿大系列讲座 修行是一生的事业：居士的生活与修行.mp4
   5 |  400.08MB | 2015加拿大系列讲座 禅与密.mp4
   6 |  398.58MB | 2015加拿大系列讲座 四个外加行的实修引导1.mp4
   7 |  397.14MB | 2015加拿大系列讲座 四个外加行的实修引导2.mp4
   8 |  414.16MB | 2015加拿大系列讲座 四个外加行的实修引导3.mp4
   9 |  342.59MB | 2015加拿大系列讲座 莲师法脉的禅修窍诀.mp4
  10 |  657.99MB | 2015加拿大系列讲座 授皈依戒与居士戒.mp4
  11 |  408.78MB | 2016加拿大弘法行 《般若心经》的精华.mp4
  12 |  459.22MB | 2016加拿大弘法行 如何进入大圆满.mp4
  13 |  515.24MB | 2016加拿大弘法行 如何实修《般若心经》.mp4
  14 |  408.78MB | 2016加拿大弘法行 如何获得上师的加持.mp4
  15 |  429.33MB | 2016加拿大弘法行 禅对人生的影响.mp4
  16 |  446.27MB | 2016加拿大弘法行 如何远离烦恼.mp4
  17 |  390.77MB | 2016加拿大弘法行 自利利他的办法1.mp4
  18 |  392.91MB | 2016加拿大弘法行 自利利他的办法2.mp4
  19 |  434.28MB | 2016加拿大弘法行 创建慈悲的世界：藏传佛教的一个观点.mp4
  20 |  486.35MB | 2016加拿大弘法行 进入大乘之门的方法.mp4
  21 |  502.11MB | 2016加拿大弘法行 世间与出世间的分界线.mp4
  22 |  477.93MB | 2016加拿大弘法行 死亡：到底会发生什么？.mp4
  23 |  582.78MB | 2016加拿大弘法行 临终时应该做什么？.mp4
  24 |  359.60MB | 2018加拿大系列讲座 烦恼与痛苦的来源.mp4
  25 |  339.59MB | 2018加拿大系列讲座 带领实修观心禅（上）.mp4
  26 |  442.62MB | 2018加拿大系列讲座 带领实修观心禅（下）.mp4
————————————————————————————————

> [ 课程视频 ] > [ 加拿大 ] > 
输入0返回上一级、输入A或40602 下载本分类所有文件、输入课程序号单独下载对应课程,按[Enter]键确定 > 
————————————————————————————————
4:[ 课程视频 ] ( 815 个文件,333.69 GB) 
————————————————————————————————
  401:[ 慧灯禅修课 ] ( 61 个文件, 24.87 GB) 
       40101:慧灯禅修课第一册 (7)  40102:慧灯禅修课第二册 (8)  40103:慧灯禅修课第三册 (26)  
       40104:慧灯禅修课第四册 (20)  
  402:[ 人生智慧 ] ( 85 个文件, 35.24 GB) 
       40201:佛教与企业 (14)  40202:智慧系列 (25)  40203:幸福专题 (18)  
       40204:提升心灵 (13)  40205:人天佛教 (4)  40206:人生智慧系列其他 (11)  
  403:[ 佛法见修 ] ( 183 个文件, 75.48 GB) 
       40301:修行次第 (12)  40302:生与死 (7)  40303:金刚萨埵的修法 (8)  
       40304:基础知识 (21)  40306:曼扎的修法 (4)  40307:藏传佛教系列 (10)  
       40308:六度 (20)  40309:上师瑜伽 (8)  40310:入坐与出坐 (1)  
       40311:如何对治烦恼 (5)  40313:出离心 (8)  40314:四圣谛 (11)  
       40316:菩提心 (11)  40318:密乘 (1)  40319:禅定 (11)  
       40320:佛法与生活 (8)  40321:佛法见修系列其他 (5)  40322:空性 (25)  
       40323:皈依的修法 (7)  
  404:[ 经典解读 ] ( 127 个文件, 54.59 GB) 
       40401:胜道宝鬘论 (38)  40402:定日百颂 (16)  40403:缘起赞 (8)  
       40410:离四贪 (1)  40411:佛说稻秆经 (15)  40412:《六祖坛经》释义 (11)  
       40413:达摩血脉论 (10)  40414:达摩悟性论 (10)  40415:三十五佛忏悔文 (1)  
       40416:四法宝鬘论 (2)  40417:三主要道论 (3)  40418:达摩破相论 (8)  
       40419:达摩四行观 (4)  
  405:[ 三乘戒律 ] ( 5 个文件, 1.90 GB) 
       40501:别解脱戒 (4)  40502:菩萨戒 (1)  
  406:[ 环球系列 ] ( 263 个文件, 112.58 GB) 
       40601:中国台湾 (46)  40602:加拿大 (26)  40603:中国香港 (31)  
       40604:澳大利亚 (18)  40605:新加坡 (31)  40606:美国 (61)  
       40607:马来西亚 (36)  40608:新西兰 (10)  40609:日本 (4)  
  407:[ 其他系列 ] ( 7 个文件, 461.88 MB) 
       40701:其他 (7)  
  408:[ 佛教心理学 ] ( 84 个文件, 28.59 GB) 
       40801:禅修 (3)  40802:智慧人生 (4)  40803:经论解读 (6)  
       40805:缘起性空的要义 (23)  40806:四圣谛详解 (23)  40807:《入菩萨行论》简要版 (16)  
       40808:佛教心理学 (9)  

> [ 主菜单 ] > [ 课程视频 ] > [ 333.69 GB ] > 
输入0返回上一级、输入A或4 下载本分类所有文件、输入3位编码下载对应子分类全部文件、输入5位编码进入对应专辑,按[Enter]键确定 > 
> [ 40603 ] > [ 中国香港 ] >

————————————————————————————————
 序号|  文件大小 |            文  件  名   
————————————————————————————————
   1 |  359.02MB | 2014香港系列讲座 如何修解脱道.mp4
   2 |  523.24MB | 2014香港系列讲座 修行的要点.mp4
   3 |  423.86MB | 2014香港系列讲座 菩提心的修法.mp4
   4 |  436.51MB | 2014香港系列讲座 如何净化心灵.mp4
   5 |  544.73MB | 2014香港系列讲座 佛教的修行次第.mp4
   6 |  351.50MB | 2014香港系列讲座 如何面对生命.mp4
   7 |  469.91MB | 2014香港系列讲座 选择比努力更重要.mp4
   8 |  420.55MB | 2014香港系列讲座 超越轮回又不脱离轮回.mp4
   9 |  443.66MB | 2014香港系列讲座 我们都是颇有开采价值的矿石.mp4
  10 |  505.56MB | 2014香港系列讲座 唤醒梦中人.mp4
  11 |  466.42MB | 2014香港系列讲座 禅定与证悟.mp4
  12 |  383.99MB | 2014香港系列讲座 新的希望-香港癌症基金会分享.mp4
  13 |  515.62MB | 2015香港弘法行 藏传净土修法.mp4
  14 |  479.32MB | 2015香港弘法行 空性系列1 佛为什么要讲空性.mp4
  15 |  537.14MB | 2015香港弘法行 空性系列2 什么是空性.mp4
  16 |  567.53MB | 2015香港弘法行 空性系列3 如何实修空性.mp4
  17 |  434.17MB | 2017香港弘法行 《四法宝鬘论》释义1.mp4
  18 |  476.13MB | 2017香港弘法行 《四法宝鬘论》释义2.mp4
  19 |  470.21MB | 2017香港弘法行 心如水.mp4
  20 |  479.88MB | 2017香港弘法行 带领实修止观禅.mp4
  21 |  497.81MB | 2017香港弘法行 禅修的具体方法.mp4
  22 |  480.34MB | 2017香港系列讲座 《华严经》如何说菩提心.mp4
  23 |  477.08MB | 2017香港系列讲座 佛教教你如何不生气（上）-四无量心的具体修法.mp4
  24 |  498.43MB | 2017香港系列讲座 佛教教你如何不生气（下）-带领实修四无量心.mp4
  25 |  476.29MB | 2017香港系列讲座 佛教教你不迷茫（上）-无我的具体修法.mp4
  26 |  458.33MB | 2017香港系列讲座 佛教教你不迷茫（下）-带领实修无我法.mp4
  27 |  463.61MB | 2018香港系列讲座 《般若波罗蜜多心经》的见解（上）.mp4
  28 |  469.30MB | 2018香港系列讲座 《般若波罗蜜多心经》的见解（下）.mp4
  29 |  477.59MB | 2018香港系列讲座 如何修《般若波罗蜜多心经》.mp4
  30 |  468.02MB | 2018香港系列讲座 莲花生大师的修法.mp4
  31 |  484.13MB | 2018香港系列讲座 带领实修禅定.mp4
————————————————————————————————

> [ 课程视频 ] > [ 中国香港 ] > 
输入0返回上一级、输入A或40603 下载本分类所有文件、输入课程序号单独下载对应课程,按[Enter]键确定 > 
————————————————————————————————
4:[ 课程视频 ] ( 815 个文件,333.69 GB) 
————————————————————————————————
  401:[ 慧灯禅修课 ] ( 61 个文件, 24.87 GB) 
       40101:慧灯禅修课第一册 (7)  40102:慧灯禅修课第二册 (8)  40103:慧灯禅修课第三册 (26)  
       40104:慧灯禅修课第四册 (20)  
  402:[ 人生智慧 ] ( 85 个文件, 35.24 GB) 
       40201:佛教与企业 (14)  40202:智慧系列 (25)  40203:幸福专题 (18)  
       40204:提升心灵 (13)  40205:人天佛教 (4)  40206:人生智慧系列其他 (11)  
  403:[ 佛法见修 ] ( 183 个文件, 75.48 GB) 
       40301:修行次第 (12)  40302:生与死 (7)  40303:金刚萨埵的修法 (8)  
       40304:基础知识 (21)  40306:曼扎的修法 (4)  40307:藏传佛教系列 (10)  
       40308:六度 (20)  40309:上师瑜伽 (8)  40310:入坐与出坐 (1)  
       40311:如何对治烦恼 (5)  40313:出离心 (8)  40314:四圣谛 (11)  
       40316:菩提心 (11)  40318:密乘 (1)  40319:禅定 (11)  
       40320:佛法与生活 (8)  40321:佛法见修系列其他 (5)  40322:空性 (25)  
       40323:皈依的修法 (7)  
  404:[ 经典解读 ] ( 127 个文件, 54.59 GB) 
       40401:胜道宝鬘论 (38)  40402:定日百颂 (16)  40403:缘起赞 (8)  
       40410:离四贪 (1)  40411:佛说稻秆经 (15)  40412:《六祖坛经》释义 (11)  
       40413:达摩血脉论 (10)  40414:达摩悟性论 (10)  40415:三十五佛忏悔文 (1)  
       40416:四法宝鬘论 (2)  40417:三主要道论 (3)  40418:达摩破相论 (8)  
       40419:达摩四行观 (4)  
  405:[ 三乘戒律 ] ( 5 个文件, 1.90 GB) 
       40501:别解脱戒 (4)  40502:菩萨戒 (1)  
  406:[ 环球系列 ] ( 263 个文件, 112.58 GB) 
       40601:中国台湾 (46)  40602:加拿大 (26)  40603:中国香港 (31)  
       40604:澳大利亚 (18)  40605:新加坡 (31)  40606:美国 (61)  
       40607:马来西亚 (36)  40608:新西兰 (10)  40609:日本 (4)  
  407:[ 其他系列 ] ( 7 个文件, 461.88 MB) 
       40701:其他 (7)  
  408:[ 佛教心理学 ] ( 84 个文件, 28.59 GB) 
       40801:禅修 (3)  40802:智慧人生 (4)  40803:经论解读 (6)  
       40805:缘起性空的要义 (23)  40806:四圣谛详解 (23)  40807:《入菩萨行论》简要版 (16)  
       40808:佛教心理学 (9)  

> [ 主菜单 ] > [ 课程视频 ] > [ 333.69 GB ] > 
输入0返回上一级、输入A或4 下载本分类所有文件、输入3位编码下载对应子分类全部文件、输入5位编码进入对应专辑,按[Enter]键确定 > 
> [ 40604 ] > [ 澳大利亚 ] >

————————————————————————————————
 序号|  文件大小 |            文  件  名   
————————————————————————————————
   1 |  372.67MB | 2015澳大利亚系列讲座 学佛与幸福.mp4
   2 |  488.70MB | 2015澳大利亚系列讲座 禅定与解脱.mp4
   3 |  325.38MB | 2015澳大利亚系列讲座 超越信仰的信仰.mp4
   4 |  443.13MB | 2015澳大利亚系列讲座 中阴窍诀与实修.mp4
   5 |  453.57MB | 2015澳大利亚系列讲座 生活中的禅修和禅修中的生活.mp4
   6 |  516.12MB | 2015澳大利亚系列讲座 禅修的具体方法.mp4
   7 |  517.59MB | 2015澳大利亚系列讲座 化解烦恼情绪.mp4
   8 |  452.74MB | 2015澳大利亚系列讲座 如何走解脱道.mp4
   9 |  370.99MB | 2015澳大利亚系列讲座 心理健康与大乘佛法.mp4
  10 |  412.93MB | 2015澳大利亚系列讲座 禅密圆融.mp4
  11 |  417.98MB | 2016澳大利亚弘法行 菩提心的功德.mp4
  12 |  436.33MB | 2016澳大利亚弘法行 菩提心的实修.mp4
  13 |  485.56MB | 2016澳大利亚弘法行 菩提心的实践.mp4
  14 |  375.18MB | 2016澳大利亚弘法行 禅定的基础（四前行）1.mp4
  15 |  385.72MB | 2016澳大利亚弘法行 禅定的基础（四前行）2.mp4
  16 |  358.29MB | 2016澳大利亚弘法行 禅定的具体修法（寂止）.mp4
  17 |  484.54MB | 2016澳大利亚弘法行 禅定的具体修法（胜观）.mp4
  18 |  490.46MB | 2016澳大利亚弘法行 金刚萨埵的修法.mp4
————————————————————————————————

> [ 课程视频 ] > [ 澳大利亚 ] > 
输入0返回上一级、输入A或40604 下载本分类所有文件、输入课程序号单独下载对应课程,按[Enter]键确定 > 
————————————————————————————————
4:[ 课程视频 ] ( 815 个文件,333.69 GB) 
————————————————————————————————
  401:[ 慧灯禅修课 ] ( 61 个文件, 24.87 GB) 
       40101:慧灯禅修课第一册 (7)  40102:慧灯禅修课第二册 (8)  40103:慧灯禅修课第三册 (26)  
       40104:慧灯禅修课第四册 (20)  
  402:[ 人生智慧 ] ( 85 个文件, 35.24 GB) 
       40201:佛教与企业 (14)  40202:智慧系列 (25)  40203:幸福专题 (18)  
       40204:提升心灵 (13)  40205:人天佛教 (4)  40206:人生智慧系列其他 (11)  
  403:[ 佛法见修 ] ( 183 个文件, 75.48 GB) 
       40301:修行次第 (12)  40302:生与死 (7)  40303:金刚萨埵的修法 (8)  
       40304:基础知识 (21)  40306:曼扎的修法 (4)  40307:藏传佛教系列 (10)  
       40308:六度 (20)  40309:上师瑜伽 (8)  40310:入坐与出坐 (1)  
       40311:如何对治烦恼 (5)  40313:出离心 (8)  40314:四圣谛 (11)  
       40316:菩提心 (11)  40318:密乘 (1)  40319:禅定 (11)  
       40320:佛法与生活 (8)  40321:佛法见修系列其他 (5)  40322:空性 (25)  
       40323:皈依的修法 (7)  
  404:[ 经典解读 ] ( 127 个文件, 54.59 GB) 
       40401:胜道宝鬘论 (38)  40402:定日百颂 (16)  40403:缘起赞 (8)  
       40410:离四贪 (1)  40411:佛说稻秆经 (15)  40412:《六祖坛经》释义 (11)  
       40413:达摩血脉论 (10)  40414:达摩悟性论 (10)  40415:三十五佛忏悔文 (1)  
       40416:四法宝鬘论 (2)  40417:三主要道论 (3)  40418:达摩破相论 (8)  
       40419:达摩四行观 (4)  
  405:[ 三乘戒律 ] ( 5 个文件, 1.90 GB) 
       40501:别解脱戒 (4)  40502:菩萨戒 (1)  
  406:[ 环球系列 ] ( 263 个文件, 112.58 GB) 
       40601:中国台湾 (46)  40602:加拿大 (26)  40603:中国香港 (31)  
       40604:澳大利亚 (18)  40605:新加坡 (31)  40606:美国 (61)  
       40607:马来西亚 (36)  40608:新西兰 (10)  40609:日本 (4)  
  407:[ 其他系列 ] ( 7 个文件, 461.88 MB) 
       40701:其他 (7)  
  408:[ 佛教心理学 ] ( 84 个文件, 28.59 GB) 
       40801:禅修 (3)  40802:智慧人生 (4)  40803:经论解读 (6)  
       40805:缘起性空的要义 (23)  40806:四圣谛详解 (23)  40807:《入菩萨行论》简要版 (16)  
       40808:佛教心理学 (9)  

> [ 主菜单 ] > [ 课程视频 ] > [ 333.69 GB ] > 
输入0返回上一级、输入A或4 下载本分类所有文件、输入3位编码下载对应子分类全部文件、输入5位编码进入对应专辑,按[Enter]键确定 > 
> [ 40605 ] > [ 新加坡 ] >

————————————————————————————————
 序号|  文件大小 |            文  件  名   
————————————————————————————————
   1 |  343.84MB | 2014年新加坡开示1.mp4
   2 |  408.31MB | 2014年新加坡开示2.mp4
   3 |  365.11MB | 2014年新加坡开示3.mp4
   4 |  291.67MB | 2014年新加坡开示4.mp4
   5 |  438.99MB | 2014新加坡系列讲座 走向菩提.mp4
   6 |  431.10MB | 2014新加坡系列讲座 禅修的方法.mp4
   7 |  488.68MB | 2014新加坡系列讲座 实修与次第.mp4
   8 |  454.03MB | 2014新加坡系列讲座 静虑与证悟.mp4
   9 |  329.61MB | 2014新加坡系列讲座 理论与实修.mp4
  10 |  441.32MB | 2014新加坡系列讲座 生命的本质.mp4
  11 |  446.72MB | 2015新加坡弘法行 空性系列1 证悟空性的前提条件.mp4
  12 |  457.97MB | 2015新加坡弘法行 空性系列2 如何证悟般若空性1.mp4
  13 |  471.15MB | 2015新加坡弘法行 如何从红尘中走向解脱.mp4
  14 |  444.54MB | 2015新加坡弘法行 大乘佛教的灵魂.mp4
  15 |  423.18MB | 2015新加坡弘法行 空性系列3 如何证悟般若空性2.mp4
  16 |  457.11MB | 2015新加坡弘法行 明心见性系列1 什么是明心见性.mp4
  17 |  471.18MB | 2015新加坡弘法行 明心见性系列2 如何明心见性.mp4
  18 |  512.40MB | 2015新加坡弘法行 与轮回分手.mp4
  19 |  519.44MB | 2015新加坡弘法行 显密圆融.mp4
  20 |  506.96MB | 2015新加坡弘法行 如何面对死亡.mp4
  21 |  464.47MB | 2017新加坡弘法行 如何断除生活中的烦恼.mp4
  22 |  494.03MB | 2017新加坡弘法行 带领实修自他平等.mp4
  23 |  460.45MB | 2017新加坡弘法行 带领实修无我.mp4
  24 |  423.97MB | 2017新加坡弘法行 善恶因果-永恒的自然规律.mp4
  25 |  459.82MB | 2017新加坡弘法行 万法归一 一法归零.mp4
  26 |  457.66MB | 2018新加坡系列讲座 最适合现代人的学佛方法.mp4
  27 |  458.42MB | 2018新加坡系列讲座 殊胜的忏悔法.mp4
  28 |  449.11MB | 2018新加坡系列讲座 带领实修静心禅.mp4
  29 |  466.48MB | 2018新加坡系列讲座 带领实修菩提心.mp4
  30 |  457.32MB | 2018新加坡系列讲座 生命的另一面-中阴（上）.mp4
  31 |  500.90MB | 2018新加坡系列讲座 生命的另一面-中阴（下）.mp4
————————————————————————————————

> [ 课程视频 ] > [ 新加坡 ] > 
输入0返回上一级、输入A或40605 下载本分类所有文件、输入课程序号单独下载对应课程,按[Enter]键确定 > 
————————————————————————————————
4:[ 课程视频 ] ( 815 个文件,333.69 GB) 
————————————————————————————————
  401:[ 慧灯禅修课 ] ( 61 个文件, 24.87 GB) 
       40101:慧灯禅修课第一册 (7)  40102:慧灯禅修课第二册 (8)  40103:慧灯禅修课第三册 (26)  
       40104:慧灯禅修课第四册 (20)  
  402:[ 人生智慧 ] ( 85 个文件, 35.24 GB) 
       40201:佛教与企业 (14)  40202:智慧系列 (25)  40203:幸福专题 (18)  
       40204:提升心灵 (13)  40205:人天佛教 (4)  40206:人生智慧系列其他 (11)  
  403:[ 佛法见修 ] ( 183 个文件, 75.48 GB) 
       40301:修行次第 (12)  40302:生与死 (7)  40303:金刚萨埵的修法 (8)  
       40304:基础知识 (21)  40306:曼扎的修法 (4)  40307:藏传佛教系列 (10)  
       40308:六度 (20)  40309:上师瑜伽 (8)  40310:入坐与出坐 (1)  
       40311:如何对治烦恼 (5)  40313:出离心 (8)  40314:四圣谛 (11)  
       40316:菩提心 (11)  40318:密乘 (1)  40319:禅定 (11)  
       40320:佛法与生活 (8)  40321:佛法见修系列其他 (5)  40322:空性 (25)  
       40323:皈依的修法 (7)  
  404:[ 经典解读 ] ( 127 个文件, 54.59 GB) 
       40401:胜道宝鬘论 (38)  40402:定日百颂 (16)  40403:缘起赞 (8)  
       40410:离四贪 (1)  40411:佛说稻秆经 (15)  40412:《六祖坛经》释义 (11)  
       40413:达摩血脉论 (10)  40414:达摩悟性论 (10)  40415:三十五佛忏悔文 (1)  
       40416:四法宝鬘论 (2)  40417:三主要道论 (3)  40418:达摩破相论 (8)  
       40419:达摩四行观 (4)  
  405:[ 三乘戒律 ] ( 5 个文件, 1.90 GB) 
       40501:别解脱戒 (4)  40502:菩萨戒 (1)  
  406:[ 环球系列 ] ( 263 个文件, 112.58 GB) 
       40601:中国台湾 (46)  40602:加拿大 (26)  40603:中国香港 (31)  
       40604:澳大利亚 (18)  40605:新加坡 (31)  40606:美国 (61)  
       40607:马来西亚 (36)  40608:新西兰 (10)  40609:日本 (4)  
  407:[ 其他系列 ] ( 7 个文件, 461.88 MB) 
       40701:其他 (7)  
  408:[ 佛教心理学 ] ( 84 个文件, 28.59 GB) 
       40801:禅修 (3)  40802:智慧人生 (4)  40803:经论解读 (6)  
       40805:缘起性空的要义 (23)  40806:四圣谛详解 (23)  40807:《入菩萨行论》简要版 (16)  
       40808:佛教心理学 (9)  

> [ 主菜单 ] > [ 课程视频 ] > [ 333.69 GB ] > 
输入0返回上一级、输入A或4 下载本分类所有文件、输入3位编码下载对应子分类全部文件、输入5位编码进入对应专辑,按[Enter]键确定 > 
> [ 40606 ] > [ 美国 ] >

————————————————————————————————
 序号|  文件大小 |            文  件  名   
————————————————————————————————
   1 |  352.40MB | 2015美国系列讲座 缘起性空与现代生活.mp4
   2 |  515.88MB | 2015美国系列讲座 禅定与大圆满.mp4
   3 |  325.89MB | 2015美国系列讲座 金刚萨埵如意宝珠修法.mp4
   4 |  504.14MB | 2015美国系列讲座 如何证悟.mp4
   5 |  314.10MB | 2015美国系列讲座 佛教与人.mp4
   6 |  417.69MB | 2015美国系列讲座 禅定.mp4
   7 |  403.20MB | 2015美国系列讲座 证悟.mp4
   8 |  451.06MB | 2016美国弘法行 《修心七要》1.mp4
   9 |  440.12MB | 2016美国弘法行 《修心七要》2.mp4
  10 |  454.32MB | 2016美国弘法行 《修心七要》3.mp4
  11 |  563.94MB | 2016美国弘法行 离四贪法.mp4
  12 |  423.07MB | 2016美国弘法行 显密圆融如来藏.mp4
  13 |  391.19MB | 2016美国弘法行 《四法宝鬘论》1.mp4
  14 |  446.17MB | 2016美国弘法行 《四法宝鬘论》2.mp4
  15 |  559.33MB | 2016美国弘法行 《四法宝鬘论》3.mp4
  16 |  339.89MB | 2016美国弘法行 《四法宝鬘论》4.mp4
  17 |  400.27MB | 2016美国弘法行 《四法宝鬘论》5.mp4
  18 |  425.95MB | 2016美国弘法行 《四法宝鬘论》6.mp4
  19 |  369.84MB | 2016美国弘法行 《四法宝鬘论》7.mp4
  20 |  311.53MB | 2016美国弘法行 佛教的物种起源.mp4
  21 |  394.29MB | 2016美国弘法行 梦幻世界.mp4
  22 |  517.87MB | 2016美国弘法行 阿弥陀佛的修法并授皈依.mp4
  23 |  371.06MB | 2016美国弘法行 如何从禅修走向证悟2.mp4
  24 |  433.14MB | 2016美国弘法行 如何从禅修走向证悟3.mp4
  25 |  462.99MB | 2016美国弘法行 如何从禅修走向证悟4.mp4
  26 |  352.73MB | 2016美国弘法行 身体与灵魂的关系.mp4
  27 |  323.22MB | 2016美国弘法行 生命的真相.mp4
  28 |  463.28MB | 2016美国弘法行 菩提心的修法与精要.mp4
  29 |  453.87MB | 2016美国弘法行 如何从禅修走向证悟5.mp4
  30 |  338.86MB | 2017美国弘法行 佛教修行的三大目标.mp4
  31 |  220.57MB | 2017美国弘法行 智慧：痛苦的反面-当今时代的指南.mp4
  32 |  361.43MB | 2017美国弘法行 情绪：每天都将痛苦转化为喜悦.mp4
  33 |  353.62MB | 2017美国弘法行 人类的痛苦来自于什么？.mp4
  34 |  417.68MB | 2017美国弘法行 洞识自我的真相.mp4
  35 |  395.46MB | 2017美国弘法行 痛苦是只纸老虎.mp4
  36 |  325.59MB | 2017美国弘法行 对治压力烦恼 开发本具潜能.mp4
  37 |  306.71MB | 2017美国弘法行 生命与死亡中阴.mp4
  38 |  331.04MB | 2017美国弘法行 非常特殊的修行人-中阴解脫者.mp4
  39 |  360.82MB | 2017美国弘法行 上路吧！走出轮回1.mp4
  40 |  330.56MB | 2017美国弘法行 上路吧！走出轮回2.mp4
  41 |  365.01MB | 2017美国弘法行 我们生活的世界是真实不虚的吗？.mp4
  42 |  410.22MB | 2017美国弘法行 在现代生活中通过修行佛法利益身心1.mp4
  43 |  343.27MB | 2017美国弘法行 在现代生活中通过修行佛法利益身心2.mp4
  44 |  336.89MB | 2017美国弘法行 《心经》让你发现惊人的真相1.mp4
  45 |  383.47MB | 2017美国弘法行 《心经》让你发现惊人的真相2.mp4
  46 |  363.88MB | 2017美国弘法行 《心经》让你发现惊人的真相3.mp4
  47 |  365.50MB | 2018美国系列讲座 怒气的解析.mp4
  48 |  347.69MB | 2018美国系列讲座 对治怒气的佛门解药.mp4
  49 |  367.45MB | 2018美国系列讲座 梦的讯息.mp4
  50 |  332.44MB | 2018美国系列讲座 临终导引与破瓦迁识.mp4
  51 |  350.91MB | 2018美国系列讲座 贯穿生死之意识流（上）.mp4
  52 |  307.66MB | 2018美国系列讲座 贯穿生死之意识流（下）.mp4
  53 |  338.92MB | 2018美国系列讲座 正念禅和觉悟.mp4
  54 |  362.34MB | 2018美国系列讲座 缘起性空.mp4
  55 |  405.29MB | 2018美国系列讲座 让你的生命在21世纪具有意义.mp4
  56 |  331.42MB | 2018美国系列讲座 佛教中的信念与理性.mp4
  57 |  301.55MB | 2018美国系列讲座 如何战胜自己的愤怒（上）.mp4
  58 |  351.45MB | 2018美国系列讲座 如何战胜自己的愤怒（下）.mp4
  59 |  315.20MB | 2018美国系列讲座 我们都是颇有价值的矿石.mp4
  60 |  415.80MB | 2018美国系列讲座 带领实修慈悲禅.mp4
  61 |  435.08MB | 2018美国系列讲座 带领实修空性禅.mp4
————————————————————————————————

> [ 课程视频 ] > [ 美国 ] > 
输入0返回上一级、输入A或40606 下载本分类所有文件、输入课程序号单独下载对应课程,按[Enter]键确定 > 
————————————————————————————————
4:[ 课程视频 ] ( 815 个文件,333.69 GB) 
————————————————————————————————
  401:[ 慧灯禅修课 ] ( 61 个文件, 24.87 GB) 
       40101:慧灯禅修课第一册 (7)  40102:慧灯禅修课第二册 (8)  40103:慧灯禅修课第三册 (26)  
       40104:慧灯禅修课第四册 (20)  
  402:[ 人生智慧 ] ( 85 个文件, 35.24 GB) 
       40201:佛教与企业 (14)  40202:智慧系列 (25)  40203:幸福专题 (18)  
       40204:提升心灵 (13)  40205:人天佛教 (4)  40206:人生智慧系列其他 (11)  
  403:[ 佛法见修 ] ( 183 个文件, 75.48 GB) 
       40301:修行次第 (12)  40302:生与死 (7)  40303:金刚萨埵的修法 (8)  
       40304:基础知识 (21)  40306:曼扎的修法 (4)  40307:藏传佛教系列 (10)  
       40308:六度 (20)  40309:上师瑜伽 (8)  40310:入坐与出坐 (1)  
       40311:如何对治烦恼 (5)  40313:出离心 (8)  40314:四圣谛 (11)  
       40316:菩提心 (11)  40318:密乘 (1)  40319:禅定 (11)  
       40320:佛法与生活 (8)  40321:佛法见修系列其他 (5)  40322:空性 (25)  
       40323:皈依的修法 (7)  
  404:[ 经典解读 ] ( 127 个文件, 54.59 GB) 
       40401:胜道宝鬘论 (38)  40402:定日百颂 (16)  40403:缘起赞 (8)  
       40410:离四贪 (1)  40411:佛说稻秆经 (15)  40412:《六祖坛经》释义 (11)  
       40413:达摩血脉论 (10)  40414:达摩悟性论 (10)  40415:三十五佛忏悔文 (1)  
       40416:四法宝鬘论 (2)  40417:三主要道论 (3)  40418:达摩破相论 (8)  
       40419:达摩四行观 (4)  
  405:[ 三乘戒律 ] ( 5 个文件, 1.90 GB) 
       40501:别解脱戒 (4)  40502:菩萨戒 (1)  
  406:[ 环球系列 ] ( 263 个文件, 112.58 GB) 
       40601:中国台湾 (46)  40602:加拿大 (26)  40603:中国香港 (31)  
       40604:澳大利亚 (18)  40605:新加坡 (31)  40606:美国 (61)  
       40607:马来西亚 (36)  40608:新西兰 (10)  40609:日本 (4)  
  407:[ 其他系列 ] ( 7 个文件, 461.88 MB) 
       40701:其他 (7)  
  408:[ 佛教心理学 ] ( 84 个文件, 28.59 GB) 
       40801:禅修 (3)  40802:智慧人生 (4)  40803:经论解读 (6)  
       40805:缘起性空的要义 (23)  40806:四圣谛详解 (23)  40807:《入菩萨行论》简要版 (16)  
       40808:佛教心理学 (9)  

> [ 主菜单 ] > [ 课程视频 ] > [ 333.69 GB ] > 
输入0返回上一级、输入A或4 下载本分类所有文件、输入3位编码下载对应子分类全部文件、输入5位编码进入对应专辑,按[Enter]键确定 > 
> [ 40607 ] > [ 马来西亚 ] >

————————————————————————————————
 序号|  文件大小 |            文  件  名   
————————————————————————————————
   1 |  483.20MB | 2015马来西亚系列讲座 缘起与空性.mp4
   2 |  426.47MB | 2015马来西亚系列讲座 闻思修与解脱.mp4
   3 |  395.95MB | 2015马来西亚系列讲座 阿弥陀佛极乐捷径的修法.mp4
   4 |  399.19MB | 2015马来西亚系列讲座 放下与次第.mp4
   5 |  450.57MB | 2015马来西亚系列讲座 禅定的修法.mp4
   6 |  409.06MB | 2015马来西亚系列讲座 皈依与居士戒.mp4
   7 |  451.31MB | 2015马来西亚系列讲座 离四贪.mp4
   8 |  392.68MB | 2015马来西亚系列讲座 死亡的真相.mp4
   9 |  328.33MB | 2015马来西亚系列讲座 我们为什么不幸福.mp4
  10 |  508.25MB | 2016马来西亚弘法行 因果轮回与出离心.mp4
  11 |  488.90MB | 2016马来西亚弘法行 佛教的世界观.mp4
  12 |  441.56MB | 2016马来西亚弘法行 如何修禅定.mp4
  13 |  414.27MB | 2016马来西亚弘法行 无我的修法1.mp4
  14 |  473.66MB | 2016马来西亚弘法行 无我的修法2.mp4
  15 |  429.86MB | 2016马来西亚弘法行 上师瑜伽的修法.mp4
  16 |  463.03MB | 2016马来西亚弘法行 四加行的修法1.mp4
  17 |  455.32MB | 2016马来西亚弘法行 四加行的修法2.mp4
  18 |  477.01MB | 2016马来西亚弘法行 如何学佛.mp4
  19 |  505.02MB | 2016马来西亚弘法行 三殊胜.mp4
  20 |  442.76MB | 2016马来西亚弘法行 菩提心的修法.mp4
  21 |  537.81MB | 2017马来西亚弘法行 烦恼只是纸老虎.mp4
  22 |  459.99MB | 2017马来西亚弘法行 生活中的大乘佛教.mp4
  23 |  428.63MB | 2017马来西亚弘法行 实修禅定的要诀1.mp4
  24 |  480.68MB | 2017马来西亚弘法行 实修禅定的要诀2.mp4
  25 |  512.75MB | 2018马来西亚系列讲座 幸福人生.mp4
  26 |  440.50MB | 2018马来西亚系列讲座 如何面对病苦（上）.mp4
  27 |  471.42MB | 2018马来西亚系列讲座 如何面对病苦（下）.mp4
  28 |  466.36MB | 2018马来西亚系列讲座 显密二谛（上）.mp4
  29 |  444.17MB | 2018马来西亚系列讲座 显密二谛（下）.mp4
  30 |  482.81MB | 2018马来西亚系列讲座 传授皈依戒和居士戒.mp4
  31 |  424.56MB | 2018马来西亚系列讲座 实修禅定的正确方法（上）.mp4
  32 |  490.09MB | 2018马来西亚系列讲座 实修禅定的正确方法（下）.mp4
  33 |  441.43MB | 2018马来西亚系列讲座 金刚萨埵的修法.mp4
  34 |  530.34MB | 2018马来西亚系列讲座 如何面对自卑心理.mp4
  35 |  382.05MB | 2018马来西亚系列讲座 提升心灵.mp4
  36 |  275.44MB | 2018马来西亚系列讲座 学习与心理健康.mp4
————————————————————————————————

> [ 课程视频 ] > [ 马来西亚 ] > 
输入0返回上一级、输入A或40607 下载本分类所有文件、输入课程序号单独下载对应课程,按[Enter]键确定 > 
————————————————————————————————
4:[ 课程视频 ] ( 815 个文件,333.69 GB) 
————————————————————————————————
  401:[ 慧灯禅修课 ] ( 61 个文件, 24.87 GB) 
       40101:慧灯禅修课第一册 (7)  40102:慧灯禅修课第二册 (8)  40103:慧灯禅修课第三册 (26)  
       40104:慧灯禅修课第四册 (20)  
  402:[ 人生智慧 ] ( 85 个文件, 35.24 GB) 
       40201:佛教与企业 (14)  40202:智慧系列 (25)  40203:幸福专题 (18)  
       40204:提升心灵 (13)  40205:人天佛教 (4)  40206:人生智慧系列其他 (11)  
  403:[ 佛法见修 ] ( 183 个文件, 75.48 GB) 
       40301:修行次第 (12)  40302:生与死 (7)  40303:金刚萨埵的修法 (8)  
       40304:基础知识 (21)  40306:曼扎的修法 (4)  40307:藏传佛教系列 (10)  
       40308:六度 (20)  40309:上师瑜伽 (8)  40310:入坐与出坐 (1)  
       40311:如何对治烦恼 (5)  40313:出离心 (8)  40314:四圣谛 (11)  
       40316:菩提心 (11)  40318:密乘 (1)  40319:禅定 (11)  
       40320:佛法与生活 (8)  40321:佛法见修系列其他 (5)  40322:空性 (25)  
       40323:皈依的修法 (7)  
  404:[ 经典解读 ] ( 127 个文件, 54.59 GB) 
       40401:胜道宝鬘论 (38)  40402:定日百颂 (16)  40403:缘起赞 (8)  
       40410:离四贪 (1)  40411:佛说稻秆经 (15)  40412:《六祖坛经》释义 (11)  
       40413:达摩血脉论 (10)  40414:达摩悟性论 (10)  40415:三十五佛忏悔文 (1)  
       40416:四法宝鬘论 (2)  40417:三主要道论 (3)  40418:达摩破相论 (8)  
       40419:达摩四行观 (4)  
  405:[ 三乘戒律 ] ( 5 个文件, 1.90 GB) 
       40501:别解脱戒 (4)  40502:菩萨戒 (1)  
  406:[ 环球系列 ] ( 263 个文件, 112.58 GB) 
       40601:中国台湾 (46)  40602:加拿大 (26)  40603:中国香港 (31)  
       40604:澳大利亚 (18)  40605:新加坡 (31)  40606:美国 (61)  
       40607:马来西亚 (36)  40608:新西兰 (10)  40609:日本 (4)  
  407:[ 其他系列 ] ( 7 个文件, 461.88 MB) 
       40701:其他 (7)  
  408:[ 佛教心理学 ] ( 84 个文件, 28.59 GB) 
       40801:禅修 (3)  40802:智慧人生 (4)  40803:经论解读 (6)  
       40805:缘起性空的要义 (23)  40806:四圣谛详解 (23)  40807:《入菩萨行论》简要版 (16)  
       40808:佛教心理学 (9)  

> [ 主菜单 ] > [ 课程视频 ] > [ 333.69 GB ] > 
输入0返回上一级、输入A或4 下载本分类所有文件、输入3位编码下载对应子分类全部文件、输入5位编码进入对应专辑,按[Enter]键确定 > 
> [ 40608 ] > [ 新西兰 ] >

————————————————————————————————
 序号|  文件大小 |            文  件  名   
————————————————————————————————
   1 |  389.77MB | 2016新西兰弘法行 用佛法的智慧面对病痛.mp4
   2 |  397.48MB | 2016新西兰弘法行 佛陀眼中的终极相对论.mp4
   3 |  445.66MB | 2016新西兰弘法行 观音菩萨的修法.mp4
   4 |  344.86MB | 2016新西兰弘法行 走进解脱道的具体方法1.mp4
   5 |  403.28MB | 2016新西兰弘法行 走进解脱道的具体方法2.mp4
   6 |  339.98MB | 2016新西兰弘法行 走进大乘菩提道的具体方法1.mp4
   7 |  425.26MB | 2016新西兰弘法行 走进大乘菩提道的具体方法2.mp4
   8 |  409.03MB | 2016新西兰弘法行 正确的学佛方法.mp4
   9 |  377.60MB | 2016新西兰弘法行 禅定的迷与悟.mp4
  10 |  527.06MB | 2016新西兰弘法行 讲解并传授皈依戒和居士戒.mp4
————————————————————————————————

> [ 课程视频 ] > [ 新西兰 ] > 
输入0返回上一级、输入A或40608 下载本分类所有文件、输入课程序号单独下载对应课程,按[Enter]键确定 > 
————————————————————————————————
4:[ 课程视频 ] ( 815 个文件,333.69 GB) 
————————————————————————————————
  401:[ 慧灯禅修课 ] ( 61 个文件, 24.87 GB) 
       40101:慧灯禅修课第一册 (7)  40102:慧灯禅修课第二册 (8)  40103:慧灯禅修课第三册 (26)  
       40104:慧灯禅修课第四册 (20)  
  402:[ 人生智慧 ] ( 85 个文件, 35.24 GB) 
       40201:佛教与企业 (14)  40202:智慧系列 (25)  40203:幸福专题 (18)  
       40204:提升心灵 (13)  40205:人天佛教 (4)  40206:人生智慧系列其他 (11)  
  403:[ 佛法见修 ] ( 183 个文件, 75.48 GB) 
       40301:修行次第 (12)  40302:生与死 (7)  40303:金刚萨埵的修法 (8)  
       40304:基础知识 (21)  40306:曼扎的修法 (4)  40307:藏传佛教系列 (10)  
       40308:六度 (20)  40309:上师瑜伽 (8)  40310:入坐与出坐 (1)  
       40311:如何对治烦恼 (5)  40313:出离心 (8)  40314:四圣谛 (11)  
       40316:菩提心 (11)  40318:密乘 (1)  40319:禅定 (11)  
       40320:佛法与生活 (8)  40321:佛法见修系列其他 (5)  40322:空性 (25)  
       40323:皈依的修法 (7)  
  404:[ 经典解读 ] ( 127 个文件, 54.59 GB) 
       40401:胜道宝鬘论 (38)  40402:定日百颂 (16)  40403:缘起赞 (8)  
       40410:离四贪 (1)  40411:佛说稻秆经 (15)  40412:《六祖坛经》释义 (11)  
       40413:达摩血脉论 (10)  40414:达摩悟性论 (10)  40415:三十五佛忏悔文 (1)  
       40416:四法宝鬘论 (2)  40417:三主要道论 (3)  40418:达摩破相论 (8)  
       40419:达摩四行观 (4)  
  405:[ 三乘戒律 ] ( 5 个文件, 1.90 GB) 
       40501:别解脱戒 (4)  40502:菩萨戒 (1)  
  406:[ 环球系列 ] ( 263 个文件, 112.58 GB) 
       40601:中国台湾 (46)  40602:加拿大 (26)  40603:中国香港 (31)  
       40604:澳大利亚 (18)  40605:新加坡 (31)  40606:美国 (61)  
       40607:马来西亚 (36)  40608:新西兰 (10)  40609:日本 (4)  
  407:[ 其他系列 ] ( 7 个文件, 461.88 MB) 
       40701:其他 (7)  
  408:[ 佛教心理学 ] ( 84 个文件, 28.59 GB) 
       40801:禅修 (3)  40802:智慧人生 (4)  40803:经论解读 (6)  
       40805:缘起性空的要义 (23)  40806:四圣谛详解 (23)  40807:《入菩萨行论》简要版 (16)  
       40808:佛教心理学 (9)  

> [ 主菜单 ] > [ 课程视频 ] > [ 333.69 GB ] > 
输入0返回上一级、输入A或4 下载本分类所有文件、输入3位编码下载对应子分类全部文件、输入5位编码进入对应专辑,按[Enter]键确定 > 
> [ 40609 ] > [ 日本 ] >

————————————————————————————————
 序号|  文件大小 |            文  件  名   
————————————————————————————————
   1 |  375.27MB | 2018日本系列讲座 带领实修止观禅（上）.mp4
   2 |  523.02MB | 2018日本系列讲座 带领实修止观禅（下）.mp4
   3 |  461.18MB | 2018日本系列讲座 学佛到底怎么学.mp4
   4 |  575.05MB | 2018日本系列讲座 什么是真实的佛法.mp4
————————————————————————————————

> [ 课程视频 ] > [ 日本 ] > 
输入0返回上一级、输入A或40609 下载本分类所有文件、输入课程序号单独下载对应课程,按[Enter]键确定 > 
————————————————————————————————
4:[ 课程视频 ] ( 815 个文件,333.69 GB) 
————————————————————————————————
  401:[ 慧灯禅修课 ] ( 61 个文件, 24.87 GB) 
       40101:慧灯禅修课第一册 (7)  40102:慧灯禅修课第二册 (8)  40103:慧灯禅修课第三册 (26)  
       40104:慧灯禅修课第四册 (20)  
  402:[ 人生智慧 ] ( 85 个文件, 35.24 GB) 
       40201:佛教与企业 (14)  40202:智慧系列 (25)  40203:幸福专题 (18)  
       40204:提升心灵 (13)  40205:人天佛教 (4)  40206:人生智慧系列其他 (11)  
  403:[ 佛法见修 ] ( 183 个文件, 75.48 GB) 
       40301:修行次第 (12)  40302:生与死 (7)  40303:金刚萨埵的修法 (8)  
       40304:基础知识 (21)  40306:曼扎的修法 (4)  40307:藏传佛教系列 (10)  
       40308:六度 (20)  40309:上师瑜伽 (8)  40310:入坐与出坐 (1)  
       40311:如何对治烦恼 (5)  40313:出离心 (8)  40314:四圣谛 (11)  
       40316:菩提心 (11)  40318:密乘 (1)  40319:禅定 (11)  
       40320:佛法与生活 (8)  40321:佛法见修系列其他 (5)  40322:空性 (25)  
       40323:皈依的修法 (7)  
  404:[ 经典解读 ] ( 127 个文件, 54.59 GB) 
       40401:胜道宝鬘论 (38)  40402:定日百颂 (16)  40403:缘起赞 (8)  
       40410:离四贪 (1)  40411:佛说稻秆经 (15)  40412:《六祖坛经》释义 (11)  
       40413:达摩血脉论 (10)  40414:达摩悟性论 (10)  40415:三十五佛忏悔文 (1)  
       40416:四法宝鬘论 (2)  40417:三主要道论 (3)  40418:达摩破相论 (8)  
       40419:达摩四行观 (4)  
  405:[ 三乘戒律 ] ( 5 个文件, 1.90 GB) 
       40501:别解脱戒 (4)  40502:菩萨戒 (1)  
  406:[ 环球系列 ] ( 263 个文件, 112.58 GB) 
       40601:中国台湾 (46)  40602:加拿大 (26)  40603:中国香港 (31)  
       40604:澳大利亚 (18)  40605:新加坡 (31)  40606:美国 (61)  
       40607:马来西亚 (36)  40608:新西兰 (10)  40609:日本 (4)  
  407:[ 其他系列 ] ( 7 个文件, 461.88 MB) 
       40701:其他 (7)  
  408:[ 佛教心理学 ] ( 84 个文件, 28.59 GB) 
       40801:禅修 (3)  40802:智慧人生 (4)  40803:经论解读 (6)  
       40805:缘起性空的要义 (23)  40806:四圣谛详解 (23)  40807:《入菩萨行论》简要版 (16)  
       40808:佛教心理学 (9)  

> [ 主菜单 ] > [ 课程视频 ] > [ 333.69 GB ] > 
输入0返回上一级、输入A或4 下载本分类所有文件、输入3位编码下载对应子分类全部文件、输入5位编码进入对应专辑,按[Enter]键确定 > 
     —————————————
       * * * [ 主菜单 ] * * *

          00 下载《使用指南》
          1  全 部 文 件 
          2  电子书有声书
          3  慧灯问道
          4  视频课程
          5  音频课程
          6  密法课程(*确认您已得受过正式的灌顶,方可下载观看！)

          U  最近文件更新
          T  检查已经下载文件,如有损坏则重新下载
          P  播放器下载
          I  ※ 最近动态
          W  佛慧法语网站 — 热心人士自己做的资源分享网站，内含较为全面的“慧灯之光”系列课程、图书等资料，可在线学习和下载
          M  慧物商城 — 热心人士自己做的购物平台 
          0  退   出

>请输入分类编号(1-6)或功能字母,按[Enter]键确定 > 已退出.
