-----------------------------------------------------------------
	        金钥匙下载工具  1.2.3
-----------------------------------------------------------------
功能：批量下载“慧灯之光”系列课程、电子书及有声书，资料来源于网络收集。
 ... 目前是最新版本！（64位编译） 

 有新动态，请按I键读取。

下载文件位置 /Users/jzhang/Downloads/hd_download_macOS

所在磁盘总空间: 926G, 剩余空间: 405G, 使用率: 56%

     —————————————
       * * * [ 主菜单 ] * * *

          00 下载《使用指南》
          1  全 部 文 件 
          2  电子书有声书
          3  慧灯问道
          4  视频课程
          5  音频课程
          6  密法课程(*确认您已得受过正式的灌顶,方可下载观看！)

          U  最近文件更新
          T  检查已经下载文件,如有损坏则重新下载
          P  播放器下载
          I  ※ 最近动态
          W  佛慧法语网站 — 热心人士自己做的资源分享网站，内含较为全面的“慧灯之光”系列课程、图书等资料，可在线学习和下载
          M  慧物商城 — 热心人士自己做的购物平台 
          0  退   出

>请输入分类编号(1-6)或功能字母,按[Enter]键确定 > 请从（1-6）选择正确的选项 ：
     —————————————
       * * * [ 主菜单 ] * * *

          00 下载《使用指南》
          1  全 部 文 件 
          2  电子书有声书
          3  慧灯问道
          4  视频课程
          5  音频课程
          6  密法课程(*确认您已得受过正式的灌顶,方可下载观看！)

          U  最近文件更新
          T  检查已经下载文件,如有损坏则重新下载
          P  播放器下载
          I  ※ 最近动态
          W  佛慧法语网站 — 热心人士自己做的资源分享网站，内含较为全面的“慧灯之光”系列课程、图书等资料，可在线学习和下载
          M  慧物商城 — 热心人士自己做的购物平台 
          0  退   出

>请输入分类编号(1-6)或功能字母,按[Enter]键确定 > 
————————————————————————————————
4:[ 课程视频 ] ( 815 个文件,333.69 GB) 
————————————————————————————————
  401:[ 慧灯禅修课 ] ( 61 个文件, 24.87 GB) 
       40101:慧灯禅修课第一册 (7)  40102:慧灯禅修课第二册 (8)  40103:慧灯禅修课第三册 (26)  
       40104:慧灯禅修课第四册 (20)  
  402:[ 人生智慧 ] ( 85 个文件, 35.24 GB) 
       40201:佛教与企业 (14)  40202:智慧系列 (25)  40203:幸福专题 (18)  
       40204:提升心灵 (13)  40205:人天佛教 (4)  40206:人生智慧系列其他 (11)  
  403:[ 佛法见修 ] ( 183 个文件, 75.48 GB) 
       40301:修行次第 (12)  40302:生与死 (7)  40303:金刚萨埵的修法 (8)  
       40304:基础知识 (21)  40306:曼扎的修法 (4)  40307:藏传佛教系列 (10)  
       40308:六度 (20)  40309:上师瑜伽 (8)  40310:入坐与出坐 (1)  
       40311:如何对治烦恼 (5)  40313:出离心 (8)  40314:四圣谛 (11)  
       40316:菩提心 (11)  40318:密乘 (1)  40319:禅定 (11)  
       40320:佛法与生活 (8)  40321:佛法见修系列其他 (5)  40322:空性 (25)  
       40323:皈依的修法 (7)  
  404:[ 经典解读 ] ( 127 个文件, 54.59 GB) 
       40401:胜道宝鬘论 (38)  40402:定日百颂 (16)  40403:缘起赞 (8)  
       40410:离四贪 (1)  40411:佛说稻秆经 (15)  40412:《六祖坛经》释义 (11)  
       40413:达摩血脉论 (10)  40414:达摩悟性论 (10)  40415:三十五佛忏悔文 (1)  
       40416:四法宝鬘论 (2)  40417:三主要道论 (3)  40418:达摩破相论 (8)  
       40419:达摩四行观 (4)  
  405:[ 三乘戒律 ] ( 5 个文件, 1.90 GB) 
       40501:别解脱戒 (4)  40502:菩萨戒 (1)  
  406:[ 环球系列 ] ( 263 个文件, 112.58 GB) 
       40601:中国台湾 (46)  40602:加拿大 (26)  40603:中国香港 (31)  
       40604:澳大利亚 (18)  40605:新加坡 (31)  40606:美国 (61)  
       40607:马来西亚 (36)  40608:新西兰 (10)  40609:日本 (4)  
  407:[ 其他系列 ] ( 7 个文件, 461.88 MB) 
       40701:其他 (7)  
  408:[ 佛教心理学 ] ( 84 个文件, 28.59 GB) 
       40801:禅修 (3)  40802:智慧人生 (4)  40803:经论解读 (6)  
       40805:缘起性空的要义 (23)  40806:四圣谛详解 (23)  40807:《入菩萨行论》简要版 (16)  
       40808:佛教心理学 (9)  

> [ 主菜单 ] > [ 课程视频 ] > [ 333.69 GB ] > 
输入0返回上一级、输入A或4 下载本分类所有文件、输入3位编码下载对应子分类全部文件、输入5位编码进入对应专辑,按[Enter]键确定 > 
> [ 40701 ] > [ 其他 ] >

————————————————————————————————
 序号|  文件大小 |            文  件  名   
————————————————————————————————
   1 |    4.65MB | 慈诚罗珠堪布简介.mp4
   2 |   61.55MB | 慈诚罗珠堪布自述出家因缘.mp4
   3 |  124.51MB | 慈诚罗珠堪布全球弘法掠影2014-2017.mp4
   4 |   93.57MB | 金刚萨埵百字明3D观想视频.mp4
   5 |   83.92MB | 曼荼罗修法3D观想视频.mp4
   6 |   78.01MB | 三身曼荼罗的修法3D观想视频.mp4
   7 |   15.67MB | 七堆曼荼罗的修法3D观想视频.mp4
————————————————————————————————

> [ 课程视频 ] > [ 其他 ] > 
输入0返回上一级、输入A或40701 下载本分类所有文件、输入课程序号单独下载对应课程,按[Enter]键确定 > 
> [ 课程视频 ] > [ 其他 ] > 
输入0返回上一级、输入A或40701 下载本分类所有文件、输入课程序号单独下载对应课程,按[Enter]键确定 > 
————————————————————————————————
4:[ 课程视频 ] ( 815 个文件,333.69 GB) 
————————————————————————————————
  401:[ 慧灯禅修课 ] ( 61 个文件, 24.87 GB) 
       40101:慧灯禅修课第一册 (7)  40102:慧灯禅修课第二册 (8)  40103:慧灯禅修课第三册 (26)  
       40104:慧灯禅修课第四册 (20)  
  402:[ 人生智慧 ] ( 85 个文件, 35.24 GB) 
       40201:佛教与企业 (14)  40202:智慧系列 (25)  40203:幸福专题 (18)  
       40204:提升心灵 (13)  40205:人天佛教 (4)  40206:人生智慧系列其他 (11)  
  403:[ 佛法见修 ] ( 183 个文件, 75.48 GB) 
       40301:修行次第 (12)  40302:生与死 (7)  40303:金刚萨埵的修法 (8)  
       40304:基础知识 (21)  40306:曼扎的修法 (4)  40307:藏传佛教系列 (10)  
       40308:六度 (20)  40309:上师瑜伽 (8)  40310:入坐与出坐 (1)  
       40311:如何对治烦恼 (5)  40313:出离心 (8)  40314:四圣谛 (11)  
       40316:菩提心 (11)  40318:密乘 (1)  40319:禅定 (11)  
       40320:佛法与生活 (8)  40321:佛法见修系列其他 (5)  40322:空性 (25)  
       40323:皈依的修法 (7)  
  404:[ 经典解读 ] ( 127 个文件, 54.59 GB) 
       40401:胜道宝鬘论 (38)  40402:定日百颂 (16)  40403:缘起赞 (8)  
       40410:离四贪 (1)  40411:佛说稻秆经 (15)  40412:《六祖坛经》释义 (11)  
       40413:达摩血脉论 (10)  40414:达摩悟性论 (10)  40415:三十五佛忏悔文 (1)  
       40416:四法宝鬘论 (2)  40417:三主要道论 (3)  40418:达摩破相论 (8)  
       40419:达摩四行观 (4)  
  405:[ 三乘戒律 ] ( 5 个文件, 1.90 GB) 
       40501:别解脱戒 (4)  40502:菩萨戒 (1)  
  406:[ 环球系列 ] ( 263 个文件, 112.58 GB) 
       40601:中国台湾 (46)  40602:加拿大 (26)  40603:中国香港 (31)  
       40604:澳大利亚 (18)  40605:新加坡 (31)  40606:美国 (61)  
       40607:马来西亚 (36)  40608:新西兰 (10)  40609:日本 (4)  
  407:[ 其他系列 ] ( 7 个文件, 461.88 MB) 
       40701:其他 (7)  
  408:[ 佛教心理学 ] ( 84 个文件, 28.59 GB) 
       40801:禅修 (3)  40802:智慧人生 (4)  40803:经论解读 (6)  
       40805:缘起性空的要义 (23)  40806:四圣谛详解 (23)  40807:《入菩萨行论》简要版 (16)  
       40808:佛教心理学 (9)  

> [ 主菜单 ] > [ 课程视频 ] > [ 333.69 GB ] > 
输入0返回上一级、输入A或4 下载本分类所有文件、输入3位编码下载对应子分类全部文件、输入5位编码进入对应专辑,按[Enter]键确定 > 
     —————————————
       * * * [ 主菜单 ] * * *

          00 下载《使用指南》
          1  全 部 文 件 
          2  电子书有声书
          3  慧灯问道
          4  视频课程
          5  音频课程
          6  密法课程(*确认您已得受过正式的灌顶,方可下载观看！)

          U  最近文件更新
          T  检查已经下载文件,如有损坏则重新下载
          P  播放器下载
          I  ※ 最近动态
          W  佛慧法语网站 — 热心人士自己做的资源分享网站，内含较为全面的“慧灯之光”系列课程、图书等资料，可在线学习和下载
          M  慧物商城 — 热心人士自己做的购物平台 
          0  退   出

>请输入分类编号(1-6)或功能字母,按[Enter]键确定 > 已退出.
