-----------------------------------------------------------------
	        金钥匙下载工具  1.2.3
-----------------------------------------------------------------
功能：批量下载“慧灯之光”系列课程、电子书及有声书，资料来源于网络收集。
 ... 目前是最新版本！（64位编译） 

 有新动态，请按I键读取。

下载文件位置 /Users/jzhang/Downloads/hd_download_macOS

所在磁盘总空间: 926G, 剩余空间: 405G, 使用率: 56%

     —————————————
       * * * [ 主菜单 ] * * *

          00 下载《使用指南》
          1  全 部 文 件 
          2  电子书有声书
          3  慧灯问道
          4  视频课程
          5  音频课程
          6  密法课程(*确认您已得受过正式的灌顶,方可下载观看！)

          U  最近文件更新
          T  检查已经下载文件,如有损坏则重新下载
          P  播放器下载
          I  ※ 最近动态
          W  佛慧法语网站 — 热心人士自己做的资源分享网站，内含较为全面的“慧灯之光”系列课程、图书等资料，可在线学习和下载
          M  慧物商城 — 热心人士自己做的购物平台 
          0  退   出

>请输入分类编号(1-6)或功能字母,按[Enter]键确定 > 请从（1-6）选择正确的选项 ：
     —————————————
       * * * [ 主菜单 ] * * *

          00 下载《使用指南》
          1  全 部 文 件 
          2  电子书有声书
          3  慧灯问道
          4  视频课程
          5  音频课程
          6  密法课程(*确认您已得受过正式的灌顶,方可下载观看！)

          U  最近文件更新
          T  检查已经下载文件,如有损坏则重新下载
          P  播放器下载
          I  ※ 最近动态
          W  佛慧法语网站 — 热心人士自己做的资源分享网站，内含较为全面的“慧灯之光”系列课程、图书等资料，可在线学习和下载
          M  慧物商城 — 热心人士自己做的购物平台 
          0  退   出

>请输入分类编号(1-6)或功能字母,按[Enter]键确定 > 
————————————————————————————————
4:[ 课程视频 ] ( 815 个文件,333.69 GB) 
————————————————————————————————
  401:[ 慧灯禅修课 ] ( 61 个文件, 24.87 GB) 
       40101:慧灯禅修课第一册 (7)  40102:慧灯禅修课第二册 (8)  40103:慧灯禅修课第三册 (26)  
       40104:慧灯禅修课第四册 (20)  
  402:[ 人生智慧 ] ( 85 个文件, 35.24 GB) 
       40201:佛教与企业 (14)  40202:智慧系列 (25)  40203:幸福专题 (18)  
       40204:提升心灵 (13)  40205:人天佛教 (4)  40206:人生智慧系列其他 (11)  
  403:[ 佛法见修 ] ( 183 个文件, 75.48 GB) 
       40301:修行次第 (12)  40302:生与死 (7)  40303:金刚萨埵的修法 (8)  
       40304:基础知识 (21)  40306:曼扎的修法 (4)  40307:藏传佛教系列 (10)  
       40308:六度 (20)  40309:上师瑜伽 (8)  40310:入坐与出坐 (1)  
       40311:如何对治烦恼 (5)  40313:出离心 (8)  40314:四圣谛 (11)  
       40316:菩提心 (11)  40318:密乘 (1)  40319:禅定 (11)  
       40320:佛法与生活 (8)  40321:佛法见修系列其他 (5)  40322:空性 (25)  
       40323:皈依的修法 (7)  
  404:[ 经典解读 ] ( 127 个文件, 54.59 GB) 
       40401:胜道宝鬘论 (38)  40402:定日百颂 (16)  40403:缘起赞 (8)  
       40410:离四贪 (1)  40411:佛说稻秆经 (15)  40412:《六祖坛经》释义 (11)  
       40413:达摩血脉论 (10)  40414:达摩悟性论 (10)  40415:三十五佛忏悔文 (1)  
       40416:四法宝鬘论 (2)  40417:三主要道论 (3)  40418:达摩破相论 (8)  
       40419:达摩四行观 (4)  
  405:[ 三乘戒律 ] ( 5 个文件, 1.90 GB) 
       40501:别解脱戒 (4)  40502:菩萨戒 (1)  
  406:[ 环球系列 ] ( 263 个文件, 112.58 GB) 
       40601:中国台湾 (46)  40602:加拿大 (26)  40603:中国香港 (31)  
       40604:澳大利亚 (18)  40605:新加坡 (31)  40606:美国 (61)  
       40607:马来西亚 (36)  40608:新西兰 (10)  40609:日本 (4)  
  407:[ 其他系列 ] ( 7 个文件, 461.88 MB) 
       40701:其他 (7)  
  408:[ 佛教心理学 ] ( 84 个文件, 28.59 GB) 
       40801:禅修 (3)  40802:智慧人生 (4)  40803:经论解读 (6)  
       40805:缘起性空的要义 (23)  40806:四圣谛详解 (23)  40807:《入菩萨行论》简要版 (16)  
       40808:佛教心理学 (9)  

> [ 主菜单 ] > [ 课程视频 ] > [ 333.69 GB ] > 
输入0返回上一级、输入A或4 下载本分类所有文件、输入3位编码下载对应子分类全部文件、输入5位编码进入对应专辑,按[Enter]键确定 > 
> [ 40801 ] > [ 禅修 ] >

————————————————————————————————
 序号|  文件大小 |            文  件  名   
————————————————————————————————
   1 |  518.90MB | 01 禅定的实修法-九住心.mp4
   2 |  337.04MB | 02 禅与生活（上）.mp4
   3 |  307.29MB | 03 禅与生活（下）.mp4
————————————————————————————————

> [ 课程视频 ] > [ 禅修 ] > 
输入0返回上一级、输入A或40801 下载本分类所有文件、输入课程序号单独下载对应课程,按[Enter]键确定 > 
————————————————————————————————
4:[ 课程视频 ] ( 815 个文件,333.69 GB) 
————————————————————————————————
  401:[ 慧灯禅修课 ] ( 61 个文件, 24.87 GB) 
       40101:慧灯禅修课第一册 (7)  40102:慧灯禅修课第二册 (8)  40103:慧灯禅修课第三册 (26)  
       40104:慧灯禅修课第四册 (20)  
  402:[ 人生智慧 ] ( 85 个文件, 35.24 GB) 
       40201:佛教与企业 (14)  40202:智慧系列 (25)  40203:幸福专题 (18)  
       40204:提升心灵 (13)  40205:人天佛教 (4)  40206:人生智慧系列其他 (11)  
  403:[ 佛法见修 ] ( 183 个文件, 75.48 GB) 
       40301:修行次第 (12)  40302:生与死 (7)  40303:金刚萨埵的修法 (8)  
       40304:基础知识 (21)  40306:曼扎的修法 (4)  40307:藏传佛教系列 (10)  
       40308:六度 (20)  40309:上师瑜伽 (8)  40310:入坐与出坐 (1)  
       40311:如何对治烦恼 (5)  40313:出离心 (8)  40314:四圣谛 (11)  
       40316:菩提心 (11)  40318:密乘 (1)  40319:禅定 (11)  
       40320:佛法与生活 (8)  40321:佛法见修系列其他 (5)  40322:空性 (25)  
       40323:皈依的修法 (7)  
  404:[ 经典解读 ] ( 127 个文件, 54.59 GB) 
       40401:胜道宝鬘论 (38)  40402:定日百颂 (16)  40403:缘起赞 (8)  
       40410:离四贪 (1)  40411:佛说稻秆经 (15)  40412:《六祖坛经》释义 (11)  
       40413:达摩血脉论 (10)  40414:达摩悟性论 (10)  40415:三十五佛忏悔文 (1)  
       40416:四法宝鬘论 (2)  40417:三主要道论 (3)  40418:达摩破相论 (8)  
       40419:达摩四行观 (4)  
  405:[ 三乘戒律 ] ( 5 个文件, 1.90 GB) 
       40501:别解脱戒 (4)  40502:菩萨戒 (1)  
  406:[ 环球系列 ] ( 263 个文件, 112.58 GB) 
       40601:中国台湾 (46)  40602:加拿大 (26)  40603:中国香港 (31)  
       40604:澳大利亚 (18)  40605:新加坡 (31)  40606:美国 (61)  
       40607:马来西亚 (36)  40608:新西兰 (10)  40609:日本 (4)  
  407:[ 其他系列 ] ( 7 个文件, 461.88 MB) 
       40701:其他 (7)  
  408:[ 佛教心理学 ] ( 84 个文件, 28.59 GB) 
       40801:禅修 (3)  40802:智慧人生 (4)  40803:经论解读 (6)  
       40805:缘起性空的要义 (23)  40806:四圣谛详解 (23)  40807:《入菩萨行论》简要版 (16)  
       40808:佛教心理学 (9)  

> [ 主菜单 ] > [ 课程视频 ] > [ 333.69 GB ] > 
输入0返回上一级、输入A或4 下载本分类所有文件、输入3位编码下载对应子分类全部文件、输入5位编码进入对应专辑,按[Enter]键确定 > 
> [ 40802 ] > [ 智慧人生 ] >

————————————————————————————————
 序号|  文件大小 |            文  件  名   
————————————————————————————————
   1 |  320.14MB | 01 如何解决痛苦（上）.mp4
   2 |  363.05MB | 02 如何解决痛苦（下）.mp4
   3 |  270.53MB | 03 佛学智慧与人生（上）.mp4
   4 |  269.62MB | 04 佛学智慧与人生（下）.mp4
————————————————————————————————

> [ 课程视频 ] > [ 智慧人生 ] > 
输入0返回上一级、输入A或40802 下载本分类所有文件、输入课程序号单独下载对应课程,按[Enter]键确定 > 
————————————————————————————————
4:[ 课程视频 ] ( 815 个文件,333.69 GB) 
————————————————————————————————
  401:[ 慧灯禅修课 ] ( 61 个文件, 24.87 GB) 
       40101:慧灯禅修课第一册 (7)  40102:慧灯禅修课第二册 (8)  40103:慧灯禅修课第三册 (26)  
       40104:慧灯禅修课第四册 (20)  
  402:[ 人生智慧 ] ( 85 个文件, 35.24 GB) 
       40201:佛教与企业 (14)  40202:智慧系列 (25)  40203:幸福专题 (18)  
       40204:提升心灵 (13)  40205:人天佛教 (4)  40206:人生智慧系列其他 (11)  
  403:[ 佛法见修 ] ( 183 个文件, 75.48 GB) 
       40301:修行次第 (12)  40302:生与死 (7)  40303:金刚萨埵的修法 (8)  
       40304:基础知识 (21)  40306:曼扎的修法 (4)  40307:藏传佛教系列 (10)  
       40308:六度 (20)  40309:上师瑜伽 (8)  40310:入坐与出坐 (1)  
       40311:如何对治烦恼 (5)  40313:出离心 (8)  40314:四圣谛 (11)  
       40316:菩提心 (11)  40318:密乘 (1)  40319:禅定 (11)  
       40320:佛法与生活 (8)  40321:佛法见修系列其他 (5)  40322:空性 (25)  
       40323:皈依的修法 (7)  
  404:[ 经典解读 ] ( 127 个文件, 54.59 GB) 
       40401:胜道宝鬘论 (38)  40402:定日百颂 (16)  40403:缘起赞 (8)  
       40410:离四贪 (1)  40411:佛说稻秆经 (15)  40412:《六祖坛经》释义 (11)  
       40413:达摩血脉论 (10)  40414:达摩悟性论 (10)  40415:三十五佛忏悔文 (1)  
       40416:四法宝鬘论 (2)  40417:三主要道论 (3)  40418:达摩破相论 (8)  
       40419:达摩四行观 (4)  
  405:[ 三乘戒律 ] ( 5 个文件, 1.90 GB) 
       40501:别解脱戒 (4)  40502:菩萨戒 (1)  
  406:[ 环球系列 ] ( 263 个文件, 112.58 GB) 
       40601:中国台湾 (46)  40602:加拿大 (26)  40603:中国香港 (31)  
       40604:澳大利亚 (18)  40605:新加坡 (31)  40606:美国 (61)  
       40607:马来西亚 (36)  40608:新西兰 (10)  40609:日本 (4)  
  407:[ 其他系列 ] ( 7 个文件, 461.88 MB) 
       40701:其他 (7)  
  408:[ 佛教心理学 ] ( 84 个文件, 28.59 GB) 
       40801:禅修 (3)  40802:智慧人生 (4)  40803:经论解读 (6)  
       40805:缘起性空的要义 (23)  40806:四圣谛详解 (23)  40807:《入菩萨行论》简要版 (16)  
       40808:佛教心理学 (9)  

> [ 主菜单 ] > [ 课程视频 ] > [ 333.69 GB ] > 
输入0返回上一级、输入A或4 下载本分类所有文件、输入3位编码下载对应子分类全部文件、输入5位编码进入对应专辑,按[Enter]键确定 > 
> [ 40803 ] > [ 经论解读 ] >

————————————————————————————————
 序号|  文件大小 |            文  件  名   
————————————————————————————————
   1 |  369.19MB | 01 《金刚经》和《心经》1.mp4
   2 |  470.46MB | 02 《金刚经》和《心经》2.mp4
   3 |  337.59MB | 03 《金刚经》解读1.mp4
   4 |  283.21MB | 04 《金刚经》解读2.mp4
   5 |  288.11MB | 05 《金刚经》解读3.mp4
   6 |  319.44MB | 06 《金刚经》解读4.mp4
————————————————————————————————

> [ 课程视频 ] > [ 经论解读 ] > 
输入0返回上一级、输入A或40803 下载本分类所有文件、输入课程序号单独下载对应课程,按[Enter]键确定 > 
————————————————————————————————
4:[ 课程视频 ] ( 815 个文件,333.69 GB) 
————————————————————————————————
  401:[ 慧灯禅修课 ] ( 61 个文件, 24.87 GB) 
       40101:慧灯禅修课第一册 (7)  40102:慧灯禅修课第二册 (8)  40103:慧灯禅修课第三册 (26)  
       40104:慧灯禅修课第四册 (20)  
  402:[ 人生智慧 ] ( 85 个文件, 35.24 GB) 
       40201:佛教与企业 (14)  40202:智慧系列 (25)  40203:幸福专题 (18)  
       40204:提升心灵 (13)  40205:人天佛教 (4)  40206:人生智慧系列其他 (11)  
  403:[ 佛法见修 ] ( 183 个文件, 75.48 GB) 
       40301:修行次第 (12)  40302:生与死 (7)  40303:金刚萨埵的修法 (8)  
       40304:基础知识 (21)  40306:曼扎的修法 (4)  40307:藏传佛教系列 (10)  
       40308:六度 (20)  40309:上师瑜伽 (8)  40310:入坐与出坐 (1)  
       40311:如何对治烦恼 (5)  40313:出离心 (8)  40314:四圣谛 (11)  
       40316:菩提心 (11)  40318:密乘 (1)  40319:禅定 (11)  
       40320:佛法与生活 (8)  40321:佛法见修系列其他 (5)  40322:空性 (25)  
       40323:皈依的修法 (7)  
  404:[ 经典解读 ] ( 127 个文件, 54.59 GB) 
       40401:胜道宝鬘论 (38)  40402:定日百颂 (16)  40403:缘起赞 (8)  
       40410:离四贪 (1)  40411:佛说稻秆经 (15)  40412:《六祖坛经》释义 (11)  
       40413:达摩血脉论 (10)  40414:达摩悟性论 (10)  40415:三十五佛忏悔文 (1)  
       40416:四法宝鬘论 (2)  40417:三主要道论 (3)  40418:达摩破相论 (8)  
       40419:达摩四行观 (4)  
  405:[ 三乘戒律 ] ( 5 个文件, 1.90 GB) 
       40501:别解脱戒 (4)  40502:菩萨戒 (1)  
  406:[ 环球系列 ] ( 263 个文件, 112.58 GB) 
       40601:中国台湾 (46)  40602:加拿大 (26)  40603:中国香港 (31)  
       40604:澳大利亚 (18)  40605:新加坡 (31)  40606:美国 (61)  
       40607:马来西亚 (36)  40608:新西兰 (10)  40609:日本 (4)  
  407:[ 其他系列 ] ( 7 个文件, 461.88 MB) 
       40701:其他 (7)  
  408:[ 佛教心理学 ] ( 84 个文件, 28.59 GB) 
       40801:禅修 (3)  40802:智慧人生 (4)  40803:经论解读 (6)  
       40805:缘起性空的要义 (23)  40806:四圣谛详解 (23)  40807:《入菩萨行论》简要版 (16)  
       40808:佛教心理学 (9)  

> [ 主菜单 ] > [ 课程视频 ] > [ 333.69 GB ] > 
输入0返回上一级、输入A或4 下载本分类所有文件、输入3位编码下载对应子分类全部文件、输入5位编码进入对应专辑,按[Enter]键确定 > 
> [ 40805 ] > [ 缘起性空的要义 ] >

————————————————————————————————
 序号|  文件大小 |            文  件  名   
————————————————————————————————
   1 |  230.46MB | 01 缘起性空的要义1.mp4
   2 |  393.04MB | 02 缘起性空的要义2.mp4
   3 |  271.76MB | 03 缘起性空的要义3.mp4
   4 |  396.84MB | 04 缘起性空的要义4.mp4
   5 |  240.53MB | 05 缘起性空的要义5.mp4
   6 |  380.56MB | 06 缘起性空的要义6.mp4
   7 |  260.35MB | 07 缘起性空的要义7.mp4
   8 |  387.81MB | 08 缘起性空的要义8.mp4
   9 |  299.80MB | 09 缘起性空的要义9.mp4
  10 |  300.60MB | 10 缘起性空的要义10.mp4
  11 |  299.90MB | 11 缘起性空的要义11.mp4
  12 |  291.79MB | 12 缘起性空的要义12.mp4
  13 |  304.35MB | 13 缘起性空的要义13.mp4
  14 |  260.01MB | 14 缘起性空的要义14.mp4
  15 |  314.27MB | 15 缘起性空的要义15.mp4
  16 |  252.84MB | 16 缘起性空的要义16.mp4
  17 |  255.53MB | 17 缘起性空的要义17.mp4
  18 |  307.57MB | 18 缘起性空的要义18.mp4
  19 |  308.44MB | 19 缘起性空的要义19.mp4
  20 |  282.75MB | 20 缘起性空的要义20.mp4
  21 |  263.70MB | 21 缘起性空的要义21.mp4
  22 |  280.37MB | 22 缘起性空的要义22.mp4
  23 |  364.85MB | 23 缘起性空的要义23.mp4
————————————————————————————————

> [ 课程视频 ] > [ 缘起性空的要义 ] > 
输入0返回上一级、输入A或40805 下载本分类所有文件、输入课程序号单独下载对应课程,按[Enter]键确定 > 
————————————————————————————————
4:[ 课程视频 ] ( 815 个文件,333.69 GB) 
————————————————————————————————
  401:[ 慧灯禅修课 ] ( 61 个文件, 24.87 GB) 
       40101:慧灯禅修课第一册 (7)  40102:慧灯禅修课第二册 (8)  40103:慧灯禅修课第三册 (26)  
       40104:慧灯禅修课第四册 (20)  
  402:[ 人生智慧 ] ( 85 个文件, 35.24 GB) 
       40201:佛教与企业 (14)  40202:智慧系列 (25)  40203:幸福专题 (18)  
       40204:提升心灵 (13)  40205:人天佛教 (4)  40206:人生智慧系列其他 (11)  
  403:[ 佛法见修 ] ( 183 个文件, 75.48 GB) 
       40301:修行次第 (12)  40302:生与死 (7)  40303:金刚萨埵的修法 (8)  
       40304:基础知识 (21)  40306:曼扎的修法 (4)  40307:藏传佛教系列 (10)  
       40308:六度 (20)  40309:上师瑜伽 (8)  40310:入坐与出坐 (1)  
       40311:如何对治烦恼 (5)  40313:出离心 (8)  40314:四圣谛 (11)  
       40316:菩提心 (11)  40318:密乘 (1)  40319:禅定 (11)  
       40320:佛法与生活 (8)  40321:佛法见修系列其他 (5)  40322:空性 (25)  
       40323:皈依的修法 (7)  
  404:[ 经典解读 ] ( 127 个文件, 54.59 GB) 
       40401:胜道宝鬘论 (38)  40402:定日百颂 (16)  40403:缘起赞 (8)  
       40410:离四贪 (1)  40411:佛说稻秆经 (15)  40412:《六祖坛经》释义 (11)  
       40413:达摩血脉论 (10)  40414:达摩悟性论 (10)  40415:三十五佛忏悔文 (1)  
       40416:四法宝鬘论 (2)  40417:三主要道论 (3)  40418:达摩破相论 (8)  
       40419:达摩四行观 (4)  
  405:[ 三乘戒律 ] ( 5 个文件, 1.90 GB) 
       40501:别解脱戒 (4)  40502:菩萨戒 (1)  
  406:[ 环球系列 ] ( 263 个文件, 112.58 GB) 
       40601:中国台湾 (46)  40602:加拿大 (26)  40603:中国香港 (31)  
       40604:澳大利亚 (18)  40605:新加坡 (31)  40606:美国 (61)  
       40607:马来西亚 (36)  40608:新西兰 (10)  40609:日本 (4)  
  407:[ 其他系列 ] ( 7 个文件, 461.88 MB) 
       40701:其他 (7)  
  408:[ 佛教心理学 ] ( 84 个文件, 28.59 GB) 
       40801:禅修 (3)  40802:智慧人生 (4)  40803:经论解读 (6)  
       40805:缘起性空的要义 (23)  40806:四圣谛详解 (23)  40807:《入菩萨行论》简要版 (16)  
       40808:佛教心理学 (9)  

> [ 主菜单 ] > [ 课程视频 ] > [ 333.69 GB ] > 
输入0返回上一级、输入A或4 下载本分类所有文件、输入3位编码下载对应子分类全部文件、输入5位编码进入对应专辑,按[Enter]键确定 > 
> [ 40806 ] > [ 四圣谛详解 ] >

————————————————————————————————
 序号|  文件大小 |            文  件  名   
————————————————————————————————
   1 |  304.94MB | 01 四圣谛详解1 苦谛1.mp4
   2 |  399.55MB | 02 四圣谛详解2 苦谛2.mp4
   3 |  336.46MB | 03 四圣谛详解3 苦谛3.mp4
   4 |  386.55MB | 04 四圣谛详解4 苦谛4.mp4
   5 |  283.60MB | 05 四圣谛详解5 苦谛5.mp4
   6 |  323.33MB | 06 四圣谛详解6 苦谛6.mp4
   7 |  378.18MB | 07 四圣谛详解7 集谛1.mp4
   8 |  453.01MB | 08 四圣谛详解8 集谛2.mp4
   9 |  337.85MB | 09 四圣谛详解9 集谛3.mp4
  10 |  556.95MB | 10 四圣谛详解10 集谛4.mp4
  11 |  557.47MB | 11 四圣谛详解11 集谛5.mp4
  12 |  603.05MB | 12 四圣谛详解12 灭谛1.mp4
  13 |  587.87MB | 13 四圣谛详解13 灭谛2.mp4
  14 |  566.68MB | 14 四圣谛详解14 灭谛3.mp4
  15 |  521.63MB | 15 四圣谛详解15 灭谛4.mp4
  16 |  560.60MB | 16 四圣谛详解16 道谛1.mp4
  17 |  599.05MB | 17 四圣谛详解17 道谛2.mp4
  18 |  557.50MB | 18 四圣谛详解18 道谛3.mp4
  19 |  555.92MB | 19 四圣谛详解19 道谛4.mp4
  20 |  235.51MB | 20 四圣谛详解20 集谛6.mp4
  21 |  331.66MB | 21 四圣谛详解21 集谛7.mp4
  22 |  304.91MB | 22 四圣谛详解22 灭谛5.mp4
  23 |  322.08MB | 23 四圣谛详解23 灭谛6.mp4
————————————————————————————————

> [ 课程视频 ] > [ 四圣谛详解 ] > 
输入0返回上一级、输入A或40806 下载本分类所有文件、输入课程序号单独下载对应课程,按[Enter]键确定 > 
————————————————————————————————
4:[ 课程视频 ] ( 815 个文件,333.69 GB) 
————————————————————————————————
  401:[ 慧灯禅修课 ] ( 61 个文件, 24.87 GB) 
       40101:慧灯禅修课第一册 (7)  40102:慧灯禅修课第二册 (8)  40103:慧灯禅修课第三册 (26)  
       40104:慧灯禅修课第四册 (20)  
  402:[ 人生智慧 ] ( 85 个文件, 35.24 GB) 
       40201:佛教与企业 (14)  40202:智慧系列 (25)  40203:幸福专题 (18)  
       40204:提升心灵 (13)  40205:人天佛教 (4)  40206:人生智慧系列其他 (11)  
  403:[ 佛法见修 ] ( 183 个文件, 75.48 GB) 
       40301:修行次第 (12)  40302:生与死 (7)  40303:金刚萨埵的修法 (8)  
       40304:基础知识 (21)  40306:曼扎的修法 (4)  40307:藏传佛教系列 (10)  
       40308:六度 (20)  40309:上师瑜伽 (8)  40310:入坐与出坐 (1)  
       40311:如何对治烦恼 (5)  40313:出离心 (8)  40314:四圣谛 (11)  
       40316:菩提心 (11)  40318:密乘 (1)  40319:禅定 (11)  
       40320:佛法与生活 (8)  40321:佛法见修系列其他 (5)  40322:空性 (25)  
       40323:皈依的修法 (7)  
  404:[ 经典解读 ] ( 127 个文件, 54.59 GB) 
       40401:胜道宝鬘论 (38)  40402:定日百颂 (16)  40403:缘起赞 (8)  
       40410:离四贪 (1)  40411:佛说稻秆经 (15)  40412:《六祖坛经》释义 (11)  
       40413:达摩血脉论 (10)  40414:达摩悟性论 (10)  40415:三十五佛忏悔文 (1)  
       40416:四法宝鬘论 (2)  40417:三主要道论 (3)  40418:达摩破相论 (8)  
       40419:达摩四行观 (4)  
  405:[ 三乘戒律 ] ( 5 个文件, 1.90 GB) 
       40501:别解脱戒 (4)  40502:菩萨戒 (1)  
  406:[ 环球系列 ] ( 263 个文件, 112.58 GB) 
       40601:中国台湾 (46)  40602:加拿大 (26)  40603:中国香港 (31)  
       40604:澳大利亚 (18)  40605:新加坡 (31)  40606:美国 (61)  
       40607:马来西亚 (36)  40608:新西兰 (10)  40609:日本 (4)  
  407:[ 其他系列 ] ( 7 个文件, 461.88 MB) 
       40701:其他 (7)  
  408:[ 佛教心理学 ] ( 84 个文件, 28.59 GB) 
       40801:禅修 (3)  40802:智慧人生 (4)  40803:经论解读 (6)  
       40805:缘起性空的要义 (23)  40806:四圣谛详解 (23)  40807:《入菩萨行论》简要版 (16)  
       40808:佛教心理学 (9)  

> [ 主菜单 ] > [ 课程视频 ] > [ 333.69 GB ] > 
输入0返回上一级、输入A或4 下载本分类所有文件、输入3位编码下载对应子分类全部文件、输入5位编码进入对应专辑,按[Enter]键确定 > 
> [ 40807 ] > [ 《入菩萨行论》简要版 ] >

————————————————————————————————
 序号|  文件大小 |            文  件  名   
————————————————————————————————
   1 |  304.13MB | 01 《入菩萨行论》简要版1.mp4
   2 |  302.60MB | 02 《入菩萨行论》简要版2.mp4
   3 |  273.46MB | 03 《入菩萨行论》简要版3.mp4
   4 |  282.86MB | 04 《入菩萨行论》简要版4.mp4
   5 |  295.57MB | 05 《入菩萨行论》简要版5.mp4
   6 |  318.20MB | 06 《入菩萨行论》简要版6.mp4
   7 |  351.58MB | 07 《入菩萨行论》简要版7.mp4
   8 |  231.97MB | 08 《入菩萨行论》简要版8.mp4
   9 |  312.04MB | 09 《入菩萨行论》简要版9.mp4
  10 |  333.24MB | 10 《入菩萨行论》简要版10.mp4
  11 |  280.15MB | 11 《入菩萨行论》简要版11.mp4
  12 |  243.62MB | 12 《入菩萨行论》简要版12.mp4
  13 |  276.78MB | 13 《入菩萨行论》简要版13.mp4
  14 |  293.97MB | 14 《入菩萨行论》简要版14.mp4
  15 |  292.63MB | 15 《入菩萨行论》简要版15.mp4
  16 |  328.45MB | 16 《入菩萨行论》简要版16.mp4
————————————————————————————————

> [ 课程视频 ] > [ 《入菩萨行论》简要版 ] > 
输入0返回上一级、输入A或40807 下载本分类所有文件、输入课程序号单独下载对应课程,按[Enter]键确定 > 
————————————————————————————————
4:[ 课程视频 ] ( 815 个文件,333.69 GB) 
————————————————————————————————
  401:[ 慧灯禅修课 ] ( 61 个文件, 24.87 GB) 
       40101:慧灯禅修课第一册 (7)  40102:慧灯禅修课第二册 (8)  40103:慧灯禅修课第三册 (26)  
       40104:慧灯禅修课第四册 (20)  
  402:[ 人生智慧 ] ( 85 个文件, 35.24 GB) 
       40201:佛教与企业 (14)  40202:智慧系列 (25)  40203:幸福专题 (18)  
       40204:提升心灵 (13)  40205:人天佛教 (4)  40206:人生智慧系列其他 (11)  
  403:[ 佛法见修 ] ( 183 个文件, 75.48 GB) 
       40301:修行次第 (12)  40302:生与死 (7)  40303:金刚萨埵的修法 (8)  
       40304:基础知识 (21)  40306:曼扎的修法 (4)  40307:藏传佛教系列 (10)  
       40308:六度 (20)  40309:上师瑜伽 (8)  40310:入坐与出坐 (1)  
       40311:如何对治烦恼 (5)  40313:出离心 (8)  40314:四圣谛 (11)  
       40316:菩提心 (11)  40318:密乘 (1)  40319:禅定 (11)  
       40320:佛法与生活 (8)  40321:佛法见修系列其他 (5)  40322:空性 (25)  
       40323:皈依的修法 (7)  
  404:[ 经典解读 ] ( 127 个文件, 54.59 GB) 
       40401:胜道宝鬘论 (38)  40402:定日百颂 (16)  40403:缘起赞 (8)  
       40410:离四贪 (1)  40411:佛说稻秆经 (15)  40412:《六祖坛经》释义 (11)  
       40413:达摩血脉论 (10)  40414:达摩悟性论 (10)  40415:三十五佛忏悔文 (1)  
       40416:四法宝鬘论 (2)  40417:三主要道论 (3)  40418:达摩破相论 (8)  
       40419:达摩四行观 (4)  
  405:[ 三乘戒律 ] ( 5 个文件, 1.90 GB) 
       40501:别解脱戒 (4)  40502:菩萨戒 (1)  
  406:[ 环球系列 ] ( 263 个文件, 112.58 GB) 
       40601:中国台湾 (46)  40602:加拿大 (26)  40603:中国香港 (31)  
       40604:澳大利亚 (18)  40605:新加坡 (31)  40606:美国 (61)  
       40607:马来西亚 (36)  40608:新西兰 (10)  40609:日本 (4)  
  407:[ 其他系列 ] ( 7 个文件, 461.88 MB) 
       40701:其他 (7)  
  408:[ 佛教心理学 ] ( 84 个文件, 28.59 GB) 
       40801:禅修 (3)  40802:智慧人生 (4)  40803:经论解读 (6)  
       40805:缘起性空的要义 (23)  40806:四圣谛详解 (23)  40807:《入菩萨行论》简要版 (16)  
       40808:佛教心理学 (9)  

> [ 主菜单 ] > [ 课程视频 ] > [ 333.69 GB ] > 
输入0返回上一级、输入A或4 下载本分类所有文件、输入3位编码下载对应子分类全部文件、输入5位编码进入对应专辑,按[Enter]键确定 > 
> [ 40808 ] > [ 佛教心理学 ] >

————————————————————————————————
 序号|  文件大小 |            文  件  名   
————————————————————————————————
   1 |  313.65MB | 01 传统文化与后现代心理学对话.mp4
   2 |  427.50MB | 02 佛教心理学第一讲1.mp4
   3 |  478.34MB | 03 佛教心理学第一讲2.mp4
   4 |  306.29MB | 04 佛教心理学第二讲1.mp4
   5 |  286.81MB | 05 佛教心理学第二讲2.mp4
   6 |  193.62MB | 06 佛教心理学第三讲1.mp4
   7 |  417.96MB | 07 佛教心理学第三讲2.mp4
   8 |  238.40MB | 08 佛教心理学第三讲3.mp4
   9 |  428.51MB | 09 佛教心理学第三讲4.mp4
————————————————————————————————

> [ 课程视频 ] > [ 佛教心理学 ] > 
输入0返回上一级、输入A或40808 下载本分类所有文件、输入课程序号单独下载对应课程,按[Enter]键确定 > 
————————————————————————————————
4:[ 课程视频 ] ( 815 个文件,333.69 GB) 
————————————————————————————————
  401:[ 慧灯禅修课 ] ( 61 个文件, 24.87 GB) 
       40101:慧灯禅修课第一册 (7)  40102:慧灯禅修课第二册 (8)  40103:慧灯禅修课第三册 (26)  
       40104:慧灯禅修课第四册 (20)  
  402:[ 人生智慧 ] ( 85 个文件, 35.24 GB) 
       40201:佛教与企业 (14)  40202:智慧系列 (25)  40203:幸福专题 (18)  
       40204:提升心灵 (13)  40205:人天佛教 (4)  40206:人生智慧系列其他 (11)  
  403:[ 佛法见修 ] ( 183 个文件, 75.48 GB) 
       40301:修行次第 (12)  40302:生与死 (7)  40303:金刚萨埵的修法 (8)  
       40304:基础知识 (21)  40306:曼扎的修法 (4)  40307:藏传佛教系列 (10)  
       40308:六度 (20)  40309:上师瑜伽 (8)  40310:入坐与出坐 (1)  
       40311:如何对治烦恼 (5)  40313:出离心 (8)  40314:四圣谛 (11)  
       40316:菩提心 (11)  40318:密乘 (1)  40319:禅定 (11)  
       40320:佛法与生活 (8)  40321:佛法见修系列其他 (5)  40322:空性 (25)  
       40323:皈依的修法 (7)  
  404:[ 经典解读 ] ( 127 个文件, 54.59 GB) 
       40401:胜道宝鬘论 (38)  40402:定日百颂 (16)  40403:缘起赞 (8)  
       40410:离四贪 (1)  40411:佛说稻秆经 (15)  40412:《六祖坛经》释义 (11)  
       40413:达摩血脉论 (10)  40414:达摩悟性论 (10)  40415:三十五佛忏悔文 (1)  
       40416:四法宝鬘论 (2)  40417:三主要道论 (3)  40418:达摩破相论 (8)  
       40419:达摩四行观 (4)  
  405:[ 三乘戒律 ] ( 5 个文件, 1.90 GB) 
       40501:别解脱戒 (4)  40502:菩萨戒 (1)  
  406:[ 环球系列 ] ( 263 个文件, 112.58 GB) 
       40601:中国台湾 (46)  40602:加拿大 (26)  40603:中国香港 (31)  
       40604:澳大利亚 (18)  40605:新加坡 (31)  40606:美国 (61)  
       40607:马来西亚 (36)  40608:新西兰 (10)  40609:日本 (4)  
  407:[ 其他系列 ] ( 7 个文件, 461.88 MB) 
       40701:其他 (7)  
  408:[ 佛教心理学 ] ( 84 个文件, 28.59 GB) 
       40801:禅修 (3)  40802:智慧人生 (4)  40803:经论解读 (6)  
       40805:缘起性空的要义 (23)  40806:四圣谛详解 (23)  40807:《入菩萨行论》简要版 (16)  
       40808:佛教心理学 (9)  

> [ 主菜单 ] > [ 课程视频 ] > [ 333.69 GB ] > 
输入0返回上一级、输入A或4 下载本分类所有文件、输入3位编码下载对应子分类全部文件、输入5位编码进入对应专辑,按[Enter]键确定 > 
     —————————————
       * * * [ 主菜单 ] * * *

          00 下载《使用指南》
          1  全 部 文 件 
          2  电子书有声书
          3  慧灯问道
          4  视频课程
          5  音频课程
          6  密法课程(*确认您已得受过正式的灌顶,方可下载观看！)

          U  最近文件更新
          T  检查已经下载文件,如有损坏则重新下载
          P  播放器下载
          I  ※ 最近动态
          W  佛慧法语网站 — 热心人士自己做的资源分享网站，内含较为全面的“慧灯之光”系列课程、图书等资料，可在线学习和下载
          M  慧物商城 — 热心人士自己做的购物平台 
          0  退   出

>请输入分类编号(1-6)或功能字母,按[Enter]键确定 > 已退出.
